CURRENT GAME STATE


|12 15  2  6 |
| 1 14  4  8 |
| 5  3  7  0 |
|10 13  9 11 |

CURRENT SCORE: 0.118488

NEIGHBOUR 0


|12 15  2  6 |
| 1 14  4  8 |
| 5  3  0  7 |
|10 13  9 11 |

SCORE OF NEIGHBOUR 0: 0.0920195

NEIGHBOUR 1


 NO STATE 

SCORE OF NEIGHBOUR 1: -1

NEIGHBOUR 2


|12 15  2  6 |
| 1 14  4  0 |
| 5  3  7  8 |
|10 13  9 11 |

SCORE OF NEIGHBOUR 2: 0.235875

NEIGHBOUR 3


|12 15  2  6 |
| 1 14  4  8 |
| 5  3  7 11 |
|10 13  9  0 |

SCORE OF NEIGHBOUR 3: 0.124798

NEIGBOUR 2 CHOSEN

--------------------------------------------
CURRENT GAME STATE


|12 15  2  6 |
| 1 14  4  0 |
| 5  3  7  8 |
|10 13  9 11 |

CURRENT SCORE: 0.235875

NEIGHBOUR 0


|12 15  2  6 |
| 1 14  0  4 |
| 5  3  7  8 |
|10 13  9 11 |

SCORE OF NEIGHBOUR 0: 0.517777

NEIGHBOUR 1


 NO STATE 

SCORE OF NEIGHBOUR 1: -1

NEIGHBOUR 2


|12 15  2  0 |
| 1 14  4  6 |
| 5  3  7  8 |
|10 13  9 11 |

SCORE OF NEIGHBOUR 2: 0.476272

NEIGHBOUR 3


|12 15  2  6 |
| 1 14  4  8 |
| 5  3  7  0 |
|10 13  9 11 |

SCORE OF NEIGHBOUR 3: 0.12029

NEIGBOUR 0 CHOSEN

--------------------------------------------
CURRENT GAME STATE


|12 15  2  6 |
| 1 14  0  4 |
| 5  3  7  8 |
|10 13  9 11 |

CURRENT SCORE: 0.517777

NEIGHBOUR 0


|12 15  2  6 |
| 1  0 14  4 |
| 5  3  7  8 |
|10 13  9 11 |

SCORE OF NEIGHBOUR 0: 1.08034

NEIGHBOUR 1


|12 15  2  6 |
| 1 14  4  0 |
| 5  3  7  8 |
|10 13  9 11 |

SCORE OF NEIGHBOUR 1: 0.232694

NEIGHBOUR 2


|12 15  0  6 |
| 1 14  2  4 |
| 5  3  7  8 |
|10 13  9 11 |

SCORE OF NEIGHBOUR 2: 0.65158

NEIGHBOUR 3


|12 15  2  6 |
| 1 14  7  4 |
| 5  3  0  8 |
|10 13  9 11 |

SCORE OF NEIGHBOUR 3: 1.17676

NEIGBOUR 3 CHOSEN

--------------------------------------------
CURRENT GAME STATE


|12 15  2  6 |
| 1 14  7  4 |
| 5  3  0  8 |
|10 13  9 11 |

CURRENT SCORE: 1.17676

NEIGHBOUR 0


|12 15  2  6 |
| 1 14  7  4 |
| 5  0  3  8 |
|10 13  9 11 |

SCORE OF NEIGHBOUR 0: 0.755056

NEIGHBOUR 1


|12 15  2  6 |
| 1 14  7  4 |
| 5  3  8  0 |
|10 13  9 11 |

SCORE OF NEIGHBOUR 1: 1.9769

NEIGHBOUR 2


|12 15  2  6 |
| 1 14  0  4 |
| 5  3  7  8 |
|10 13  9 11 |

SCORE OF NEIGHBOUR 2: 0.534005

NEIGHBOUR 3


|12 15  2  6 |
| 1 14  7  4 |
| 5  3  9  8 |
|10 13  0 11 |

SCORE OF NEIGHBOUR 3: 1.39344

NEIGBOUR 1 CHOSEN

--------------------------------------------
CURRENT GAME STATE


|12 15  2  6 |
| 1 14  7  4 |
| 5  3  8  0 |
|10 13  9 11 |

CURRENT SCORE: 1.9769

NEIGHBOUR 0


|12 15  2  6 |
| 1 14  7  4 |
| 5  3  0  8 |
|10 13  9 11 |

SCORE OF NEIGHBOUR 0: 1.16482

NEIGHBOUR 1


 NO STATE 

SCORE OF NEIGHBOUR 1: -1

NEIGHBOUR 2


|12 15  2  6 |
| 1 14  7  0 |
| 5  3  8  4 |
|10 13  9 11 |

SCORE OF NEIGHBOUR 2: 1.00595

NEIGHBOUR 3


|12 15  2  6 |
| 1 14  7  4 |
| 5  3  8 11 |
|10 13  9  0 |

SCORE OF NEIGHBOUR 3: 2.37102

NEIGBOUR 3 CHOSEN

--------------------------------------------
CURRENT GAME STATE


|12 15  2  6 |
| 1 14  7  4 |
| 5  3  8 11 |
|10 13  9  0 |

CURRENT SCORE: 2.37102

NEIGHBOUR 0


|12 15  2  6 |
| 1 14  7  4 |
| 5  3  8 11 |
|10 13  0  9 |

SCORE OF NEIGHBOUR 0: 4.69532

NEIGHBOUR 1


 NO STATE 

SCORE OF NEIGHBOUR 1: -1

NEIGHBOUR 2


|12 15  2  6 |
| 1 14  7  4 |
| 5  3  8  0 |
|10 13  9 11 |

SCORE OF NEIGHBOUR 2: 1.86876

NEIGHBOUR 3


 NO STATE 

SCORE OF NEIGHBOUR 3: -1

NEIGBOUR 0 CHOSEN

--------------------------------------------
CURRENT GAME STATE


|12 15  2  6 |
| 1 14  7  4 |
| 5  3  8 11 |
|10 13  0  9 |

CURRENT SCORE: 4.69532

NEIGHBOUR 0


|12 15  2  6 |
| 1 14  7  4 |
| 5  3  8 11 |
|10  0 13  9 |

SCORE OF NEIGHBOUR 0: 6.58697

NEIGHBOUR 1


|12 15  2  6 |
| 1 14  7  4 |
| 5  3  8 11 |
|10 13  9  0 |

SCORE OF NEIGHBOUR 1: 2.43497

NEIGHBOUR 2


|12 15  2  6 |
| 1 14  7  4 |
| 5  3  0 11 |
|10 13  8  9 |

SCORE OF NEIGHBOUR 2: 3.02446

NEIGHBOUR 3


 NO STATE 

SCORE OF NEIGHBOUR 3: -1

NEIGBOUR 0 CHOSEN

--------------------------------------------
CURRENT GAME STATE


|12 15  2  6 |
| 1 14  7  4 |
| 5  3  8 11 |
|10  0 13  9 |

CURRENT SCORE: 6.58697

NEIGHBOUR 0


|12 15  2  6 |
| 1 14  7  4 |
| 5  3  8 11 |
| 0 10 13  9 |

SCORE OF NEIGHBOUR 0: 2.01799

NEIGHBOUR 1


|12 15  2  6 |
| 1 14  7  4 |
| 5  3  8 11 |
|10 13  0  9 |

SCORE OF NEIGHBOUR 1: 4.63709

NEIGHBOUR 2


|12 15  2  6 |
| 1 14  7  4 |
| 5  0  8 11 |
|10  3 13  9 |

SCORE OF NEIGHBOUR 2: 3.16239

NEIGHBOUR 3


 NO STATE 

SCORE OF NEIGHBOUR 3: -1

----------------------------------------
FOUND LOCAL MAXIMUM

|12 15  2  6 |
| 1 14  7  4 |
| 5  3  8 11 |
|10  0 13  9 |
With Score : 6.58697
----------------------------------------
