CURRENT GAME STATE


| 6 14 10  5 |
|15  8  7  1 |
| 3  4  2  0 |
|12  9 11 13 |

CURRENT SCORE: 0.11735

NEIGHBOUR 0


| 6 14 10  5 |
|15  8  7  1 |
| 3  4  0  2 |
|12  9 11 13 |

SCORE OF NEIGHBOUR 0: 0.0820406

NEIGHBOUR 1


 NO STATE 

SCORE OF NEIGHBOUR 1: -1

NEIGHBOUR 2


| 6 14 10  5 |
|15  8  7  0 |
| 3  4  2  1 |
|12  9 11 13 |

SCORE OF NEIGHBOUR 2: 0.280808

NEIGHBOUR 3


| 6 14 10  5 |
|15  8  7  1 |
| 3  4  2 13 |
|12  9 11  0 |

SCORE OF NEIGHBOUR 3: 0.138407

NEIGBOUR 2 CHOSEN

--------------------------------------------
CURRENT GAME STATE


| 6 14 10  5 |
|15  8  7  0 |
| 3  4  2  1 |
|12  9 11 13 |

CURRENT SCORE: 0.280808

NEIGHBOUR 0


| 6 14 10  5 |
|15  8  0  7 |
| 3  4  2  1 |
|12  9 11 13 |

SCORE OF NEIGHBOUR 0: 0.193235

NEIGHBOUR 1


 NO STATE 

SCORE OF NEIGHBOUR 1: -1

NEIGHBOUR 2


| 6 14 10  0 |
|15  8  7  5 |
| 3  4  2  1 |
|12  9 11 13 |

SCORE OF NEIGHBOUR 2: 0.449361

NEIGHBOUR 3


| 6 14 10  5 |
|15  8  7  1 |
| 3  4  2  0 |
|12  9 11 13 |

SCORE OF NEIGHBOUR 3: 0.122851

NEIGBOUR 2 CHOSEN

--------------------------------------------
CURRENT GAME STATE


| 6 14 10  0 |
|15  8  7  5 |
| 3  4  2  1 |
|12  9 11 13 |

CURRENT SCORE: 0.449361

NEIGHBOUR 0


| 6 14  0 10 |
|15  8  7  5 |
| 3  4  2  1 |
|12  9 11 13 |

SCORE OF NEIGHBOUR 0: 0.240456

NEIGHBOUR 1


 NO STATE 

SCORE OF NEIGHBOUR 1: -1

NEIGHBOUR 2


 NO STATE 

SCORE OF NEIGHBOUR 2: -1

NEIGHBOUR 3


| 6 14 10  5 |
|15  8  7  0 |
| 3  4  2  1 |
|12  9 11 13 |

SCORE OF NEIGHBOUR 3: 0.293833

----------------------------------------
FOUND LOCAL MAXIMUM

| 6 14 10  0 |
|15  8  7  5 |
| 3  4  2  1 |
|12  9 11 13 |
With Score : 0.449361
----------------------------------------
