CURRENT GAME STATE


| 1  7 15 14 |
| 2  6  4  9 |
|12 11 13  3 |
| 0  8  5 10 |

CURRENT SCORE: 0.346212

NEIGHBOUR 0


 NO STATE 

SCORE OF NEIGHBOUR 0: -1

NEIGHBOUR 1


| 1  7 15 14 |
| 2  6  4  9 |
|12 11 13  3 |
| 8  0  5 10 |

SCORE OF NEIGHBOUR 1: 0.235157

NEIGHBOUR 2


| 1  7 15 14 |
| 2  6  4  9 |
| 0 11 13  3 |
|12  8  5 10 |

SCORE OF NEIGHBOUR 2: 0.212455

NEIGHBOUR 3


 NO STATE 

SCORE OF NEIGHBOUR 3: -1

----------------------------------------
FOUND LOCAL MAXIMUM

| 1  7 15 14 |
| 2  6  4  9 |
|12 11 13  3 |
| 0  8  5 10 |
With Score : 0.346212
----------------------------------------
