CURRENT GAME STATE


|13  9 14  6 |
|12  8  1  2 |
| 3  4  0  7 |
| 5 10 11 15 |

CURRENT SCORE: 0.0249916

NEIGHBOUR 0


|13  9 14  6 |
|12  8  1  2 |
| 3  0  4  7 |
| 5 10 11 15 |

SCORE OF NEIGHBOUR 0: 0.0900426

NEIGHBOUR 1


|13  9 14  6 |
|12  8  1  2 |
| 3  4  7  0 |
| 5 10 11 15 |

SCORE OF NEIGHBOUR 1: 0.0247371

NEIGHBOUR 2


|13  9 14  6 |
|12  8  0  2 |
| 3  4  1  7 |
| 5 10 11 15 |

SCORE OF NEIGHBOUR 2: 0.00843003

NEIGHBOUR 3


|13  9 14  6 |
|12  8  1  2 |
| 3  4 11  7 |
| 5 10  0 15 |

SCORE OF NEIGHBOUR 3: 0.0324917

NEIGBOUR 0 CHOSEN

--------------------------------------------
CURRENT GAME STATE


|13  9 14  6 |
|12  8  1  2 |
| 3  0  4  7 |
| 5 10 11 15 |

CURRENT SCORE: 0.0900426

NEIGHBOUR 0


|13  9 14  6 |
|12  8  1  2 |
| 0  3  4  7 |
| 5 10 11 15 |

SCORE OF NEIGHBOUR 0: 0.0996316

NEIGHBOUR 1


|13  9 14  6 |
|12  8  1  2 |
| 3  4  0  7 |
| 5 10 11 15 |

SCORE OF NEIGHBOUR 1: 0.024507

NEIGHBOUR 2


|13  9 14  6 |
|12  0  1  2 |
| 3  8  4  7 |
| 5 10 11 15 |

SCORE OF NEIGHBOUR 2: 0.200704

NEIGHBOUR 3


|13  9 14  6 |
|12  8  1  2 |
| 3 10  4  7 |
| 5  0 11 15 |

SCORE OF NEIGHBOUR 3: 0.0901792

NEIGBOUR 2 CHOSEN

--------------------------------------------
CURRENT GAME STATE


|13  9 14  6 |
|12  0  1  2 |
| 3  8  4  7 |
| 5 10 11 15 |

CURRENT SCORE: 0.200704

NEIGHBOUR 0


|13  9 14  6 |
| 0 12  1  2 |
| 3  8  4  7 |
| 5 10 11 15 |

SCORE OF NEIGHBOUR 0: 0.0870879

NEIGHBOUR 1


|13  9 14  6 |
|12  1  0  2 |
| 3  8  4  7 |
| 5 10 11 15 |

SCORE OF NEIGHBOUR 1: 0.0891681

NEIGHBOUR 2


|13  0 14  6 |
|12  9  1  2 |
| 3  8  4  7 |
| 5 10 11 15 |

SCORE OF NEIGHBOUR 2: 0.325223

NEIGHBOUR 3


|13  9 14  6 |
|12  8  1  2 |
| 3  0  4  7 |
| 5 10 11 15 |

SCORE OF NEIGHBOUR 3: 0.0863738

NEIGBOUR 2 CHOSEN

--------------------------------------------
CURRENT GAME STATE


|13  0 14  6 |
|12  9  1  2 |
| 3  8  4  7 |
| 5 10 11 15 |

CURRENT SCORE: 0.325223

NEIGHBOUR 0


| 0 13 14  6 |
|12  9  1  2 |
| 3  8  4  7 |
| 5 10 11 15 |

SCORE OF NEIGHBOUR 0: 0.47237

NEIGHBOUR 1


|13 14  0  6 |
|12  9  1  2 |
| 3  8  4  7 |
| 5 10 11 15 |

SCORE OF NEIGHBOUR 1: 0.177164

NEIGHBOUR 2


 NO STATE 

SCORE OF NEIGHBOUR 2: -1

NEIGHBOUR 3


|13  9 14  6 |
|12  0  1  2 |
| 3  8  4  7 |
| 5 10 11 15 |

SCORE OF NEIGHBOUR 3: 0.195324

NEIGBOUR 0 CHOSEN

--------------------------------------------
CURRENT GAME STATE


| 0 13 14  6 |
|12  9  1  2 |
| 3  8  4  7 |
| 5 10 11 15 |

CURRENT SCORE: 0.47237

NEIGHBOUR 0


 NO STATE 

SCORE OF NEIGHBOUR 0: -1

NEIGHBOUR 1


|13  0 14  6 |
|12  9  1  2 |
| 3  8  4  7 |
| 5 10 11 15 |

SCORE OF NEIGHBOUR 1: 0.330069

NEIGHBOUR 2


 NO STATE 

SCORE OF NEIGHBOUR 2: -1

NEIGHBOUR 3


|12 13 14  6 |
| 0  9  1  2 |
| 3  8  4  7 |
| 5 10 11 15 |

SCORE OF NEIGHBOUR 3: 1.1044

NEIGBOUR 3 CHOSEN

--------------------------------------------
CURRENT GAME STATE


|12 13 14  6 |
| 0  9  1  2 |
| 3  8  4  7 |
| 5 10 11 15 |

CURRENT SCORE: 1.1044

NEIGHBOUR 0


 NO STATE 

SCORE OF NEIGHBOUR 0: -1

NEIGHBOUR 1


|12 13 14  6 |
| 9  0  1  2 |
| 3  8  4  7 |
| 5 10 11 15 |

SCORE OF NEIGHBOUR 1: 0.557714

NEIGHBOUR 2


| 0 13 14  6 |
|12  9  1  2 |
| 3  8  4  7 |
| 5 10 11 15 |

SCORE OF NEIGHBOUR 2: 0.47785

NEIGHBOUR 3


|12 13 14  6 |
| 3  9  1  2 |
| 0  8  4  7 |
| 5 10 11 15 |

SCORE OF NEIGHBOUR 3: 0.599551

----------------------------------------
FOUND LOCAL MAXIMUM

|12 13 14  6 |
| 0  9  1  2 |
| 3  8  4  7 |
| 5 10 11 15 |
With Score : 1.1044
----------------------------------------
