CURRENT GAME STATE


| 5  4  7  1 |
|11 12 14 15 |
|10 13  8  6 |
| 2  0  9  3 |

CURRENT SCORE: 0.633642

NEIGHBOUR 0


| 5  4  7  1 |
|11 12 14 15 |
|10 13  8  6 |
| 0  2  9  3 |

SCORE OF NEIGHBOUR 0: 0.428654

NEIGHBOUR 1


| 5  4  7  1 |
|11 12 14 15 |
|10 13  8  6 |
| 2  9  0  3 |

SCORE OF NEIGHBOUR 1: 0.998581

NEIGHBOUR 2


| 5  4  7  1 |
|11 12 14 15 |
|10  0  8  6 |
| 2 13  9  3 |

SCORE OF NEIGHBOUR 2: 0.453506

NEIGHBOUR 3


 NO STATE 

SCORE OF NEIGHBOUR 3: -1

NEIGBOUR 1 CHOSEN

--------------------------------------------
CURRENT GAME STATE


| 5  4  7  1 |
|11 12 14 15 |
|10 13  8  6 |
| 2  9  0  3 |

CURRENT SCORE: 0.998581

NEIGHBOUR 0


| 5  4  7  1 |
|11 12 14 15 |
|10 13  8  6 |
| 2  0  9  3 |

SCORE OF NEIGHBOUR 0: 0.60372

NEIGHBOUR 1


| 5  4  7  1 |
|11 12 14 15 |
|10 13  8  6 |
| 2  9  3  0 |

SCORE OF NEIGHBOUR 1: 1.26099

NEIGHBOUR 2


| 5  4  7  1 |
|11 12 14 15 |
|10 13  0  6 |
| 2  9  8  3 |

SCORE OF NEIGHBOUR 2: 0.543116

NEIGHBOUR 3


 NO STATE 

SCORE OF NEIGHBOUR 3: -1

NEIGBOUR 1 CHOSEN

--------------------------------------------
CURRENT GAME STATE


| 5  4  7  1 |
|11 12 14 15 |
|10 13  8  6 |
| 2  9  3  0 |

CURRENT SCORE: 1.26099

NEIGHBOUR 0


| 5  4  7  1 |
|11 12 14 15 |
|10 13  8  6 |
| 2  9  0  3 |

SCORE OF NEIGHBOUR 0: 0.988016

NEIGHBOUR 1


 NO STATE 

SCORE OF NEIGHBOUR 1: -1

NEIGHBOUR 2


| 5  4  7  1 |
|11 12 14 15 |
|10 13  8  0 |
| 2  9  3  6 |

SCORE OF NEIGHBOUR 2: 0.521088

NEIGHBOUR 3


 NO STATE 

SCORE OF NEIGHBOUR 3: -1

----------------------------------------
FOUND LOCAL MAXIMUM

| 5  4  7  1 |
|11 12 14 15 |
|10 13  8  6 |
| 2  9  3  0 |
With Score : 1.26099
----------------------------------------
