CURRENT GAME STATE


| 3  2  7  9 |
| 0 15 12  4 |
| 6 11  5 14 |
| 8 13 10  1 |

CURRENT SCORE: 25.4127

NEIGHBOUR 0


 NO STATE 

SCORE OF NEIGHBOUR 0: -1

NEIGHBOUR 1


| 3  2  7  9 |
|15  0 12  4 |
| 6 11  5 14 |
| 8 13 10  1 |

SCORE OF NEIGHBOUR 1: 13.0165

NEIGHBOUR 2


| 0  2  7  9 |
| 3 15 12  4 |
| 6 11  5 14 |
| 8 13 10  1 |

SCORE OF NEIGHBOUR 2: 6.65794

NEIGHBOUR 3


| 3  2  7  9 |
| 6 15 12  4 |
| 0 11  5 14 |
| 8 13 10  1 |

SCORE OF NEIGHBOUR 3: 14.265

----------------------------------------
FOUND LOCAL MAXIMUM

| 3  2  7  9 |
| 0 15 12  4 |
| 6 11  5 14 |
| 8 13 10  1 |
With Score : 25.4127
----------------------------------------
