CURRENT GAME STATE


| 5  0 15  8 |
| 4  6  1 14 |
|10 11  3  9 |
| 7 12  2 13 |

CURRENT SCORE: 0.310827

NEIGHBOUR 0


| 0  5 15  8 |
| 4  6  1 14 |
|10 11  3  9 |
| 7 12  2 13 |

SCORE OF NEIGHBOUR 0: 0.591516

NEIGHBOUR 1


| 5 15  0  8 |
| 4  6  1 14 |
|10 11  3  9 |
| 7 12  2 13 |

SCORE OF NEIGHBOUR 1: 0.650864

NEIGHBOUR 2


 NO STATE 

SCORE OF NEIGHBOUR 2: -1

NEIGHBOUR 3


| 5  6 15  8 |
| 4  0  1 14 |
|10 11  3  9 |
| 7 12  2 13 |

SCORE OF NEIGHBOUR 3: 0.19726

NEIGBOUR 1 CHOSEN

--------------------------------------------
CURRENT GAME STATE


| 5 15  0  8 |
| 4  6  1 14 |
|10 11  3  9 |
| 7 12  2 13 |

CURRENT SCORE: 0.650864

NEIGHBOUR 0


| 5  0 15  8 |
| 4  6  1 14 |
|10 11  3  9 |
| 7 12  2 13 |

SCORE OF NEIGHBOUR 0: 0.322835

NEIGHBOUR 1


| 5 15  8  0 |
| 4  6  1 14 |
|10 11  3  9 |
| 7 12  2 13 |

SCORE OF NEIGHBOUR 1: 0.821697

NEIGHBOUR 2


 NO STATE 

SCORE OF NEIGHBOUR 2: -1

NEIGHBOUR 3


| 5 15  1  8 |
| 4  6  0 14 |
|10 11  3  9 |
| 7 12  2 13 |

SCORE OF NEIGHBOUR 3: 2.25482

NEIGBOUR 3 CHOSEN

--------------------------------------------
CURRENT GAME STATE


| 5 15  1  8 |
| 4  6  0 14 |
|10 11  3  9 |
| 7 12  2 13 |

CURRENT SCORE: 2.25482

NEIGHBOUR 0


| 5 15  1  8 |
| 4  0  6 14 |
|10 11  3  9 |
| 7 12  2 13 |

SCORE OF NEIGHBOUR 0: 4.27911

NEIGHBOUR 1


| 5 15  1  8 |
| 4  6 14  0 |
|10 11  3  9 |
| 7 12  2 13 |

SCORE OF NEIGHBOUR 1: 2.78933

NEIGHBOUR 2


| 5 15  0  8 |
| 4  6  1 14 |
|10 11  3  9 |
| 7 12  2 13 |

SCORE OF NEIGHBOUR 2: 0.598459

NEIGHBOUR 3


| 5 15  1  8 |
| 4  6  3 14 |
|10 11  0  9 |
| 7 12  2 13 |

SCORE OF NEIGHBOUR 3: 1.43493

NEIGBOUR 0 CHOSEN

--------------------------------------------
CURRENT GAME STATE


| 5 15  1  8 |
| 4  0  6 14 |
|10 11  3  9 |
| 7 12  2 13 |

CURRENT SCORE: 4.27911

NEIGHBOUR 0


| 5 15  1  8 |
| 0  4  6 14 |
|10 11  3  9 |
| 7 12  2 13 |

SCORE OF NEIGHBOUR 0: 5.25426

NEIGHBOUR 1


| 5 15  1  8 |
| 4  6  0 14 |
|10 11  3  9 |
| 7 12  2 13 |

SCORE OF NEIGHBOUR 1: 1.95525

NEIGHBOUR 2


| 5  0  1  8 |
| 4 15  6 14 |
|10 11  3  9 |
| 7 12  2 13 |

SCORE OF NEIGHBOUR 2: 2.01574

NEIGHBOUR 3


| 5 15  1  8 |
| 4 11  6 14 |
|10  0  3  9 |
| 7 12  2 13 |

SCORE OF NEIGHBOUR 3: 5.78745

NEIGBOUR 3 CHOSEN

--------------------------------------------
CURRENT GAME STATE


| 5 15  1  8 |
| 4 11  6 14 |
|10  0  3  9 |
| 7 12  2 13 |

CURRENT SCORE: 5.78745

NEIGHBOUR 0


| 5 15  1  8 |
| 4 11  6 14 |
| 0 10  3  9 |
| 7 12  2 13 |

SCORE OF NEIGHBOUR 0: 2.45004

NEIGHBOUR 1


| 5 15  1  8 |
| 4 11  6 14 |
|10  3  0  9 |
| 7 12  2 13 |

SCORE OF NEIGHBOUR 1: 2.32796

NEIGHBOUR 2


| 5 15  1  8 |
| 4  0  6 14 |
|10 11  3  9 |
| 7 12  2 13 |

SCORE OF NEIGHBOUR 2: 3.66364

NEIGHBOUR 3


| 5 15  1  8 |
| 4 11  6 14 |
|10 12  3  9 |
| 7  0  2 13 |

SCORE OF NEIGHBOUR 3: 2.29267

----------------------------------------
FOUND LOCAL MAXIMUM

| 5 15  1  8 |
| 4 11  6 14 |
|10  0  3  9 |
| 7 12  2 13 |
With Score : 5.78745
----------------------------------------
