CURRENT GAME STATE


| 6 13  3  2 |
|11  9  5 10 |
| 1  7 12 14 |
| 8  4  0 15 |

CURRENT SCORE: 0.0921789

NEIGHBOUR 0


| 6 13  3  2 |
|11  9  5 10 |
| 1  7 12 14 |
| 8  0  4 15 |

SCORE OF NEIGHBOUR 0: 0.082848

NEIGHBOUR 1


| 6 13  3  2 |
|11  9  5 10 |
| 1  7 12 14 |
| 8  4 15  0 |

SCORE OF NEIGHBOUR 1: 0.0795498

NEIGHBOUR 2


| 6 13  3  2 |
|11  9  5 10 |
| 1  7  0 14 |
| 8  4 12 15 |

SCORE OF NEIGHBOUR 2: 0.0608229

NEIGHBOUR 3


 NO STATE 

SCORE OF NEIGHBOUR 3: -1

----------------------------------------
FOUND LOCAL MAXIMUM

| 6 13  3  2 |
|11  9  5 10 |
| 1  7 12 14 |
| 8  4  0 15 |
With Score : 0.0921789
----------------------------------------
