CURRENT GAME STATE


|12  6  0  4 |
| 7  3 15  1 |
|13  9  8 11 |
| 2 14  5 10 |

CURRENT SCORE: 0.516576

NEIGHBOUR 0


|12  0  6  4 |
| 7  3 15  1 |
|13  9  8 11 |
| 2 14  5 10 |

SCORE OF NEIGHBOUR 0: 0.855268

NEIGHBOUR 1


|12  6  4  0 |
| 7  3 15  1 |
|13  9  8 11 |
| 2 14  5 10 |

SCORE OF NEIGHBOUR 1: 0.344039

NEIGHBOUR 2


 NO STATE 

SCORE OF NEIGHBOUR 2: -1

NEIGHBOUR 3


|12  6 15  4 |
| 7  3  0  1 |
|13  9  8 11 |
| 2 14  5 10 |

SCORE OF NEIGHBOUR 3: 0.978571

NEIGBOUR 3 CHOSEN

--------------------------------------------
CURRENT GAME STATE


|12  6 15  4 |
| 7  3  0  1 |
|13  9  8 11 |
| 2 14  5 10 |

CURRENT SCORE: 0.978571

NEIGHBOUR 0


|12  6 15  4 |
| 7  0  3  1 |
|13  9  8 11 |
| 2 14  5 10 |

SCORE OF NEIGHBOUR 0: 2.39535

NEIGHBOUR 1


|12  6 15  4 |
| 7  3  1  0 |
|13  9  8 11 |
| 2 14  5 10 |

SCORE OF NEIGHBOUR 1: 1.41234

NEIGHBOUR 2


|12  6  0  4 |
| 7  3 15  1 |
|13  9  8 11 |
| 2 14  5 10 |

SCORE OF NEIGHBOUR 2: 0.514237

NEIGHBOUR 3


|12  6 15  4 |
| 7  3  8  1 |
|13  9  0 11 |
| 2 14  5 10 |

SCORE OF NEIGHBOUR 3: 1.50826

NEIGBOUR 0 CHOSEN

--------------------------------------------
CURRENT GAME STATE


|12  6 15  4 |
| 7  0  3  1 |
|13  9  8 11 |
| 2 14  5 10 |

CURRENT SCORE: 2.39535

NEIGHBOUR 0


|12  6 15  4 |
| 0  7  3  1 |
|13  9  8 11 |
| 2 14  5 10 |

SCORE OF NEIGHBOUR 0: 1.20125

NEIGHBOUR 1


|12  6 15  4 |
| 7  3  0  1 |
|13  9  8 11 |
| 2 14  5 10 |

SCORE OF NEIGHBOUR 1: 0.963141

NEIGHBOUR 2


|12  0 15  4 |
| 7  6  3  1 |
|13  9  8 11 |
| 2 14  5 10 |

SCORE OF NEIGHBOUR 2: 0.898309

NEIGHBOUR 3


|12  6 15  4 |
| 7  9  3  1 |
|13  0  8 11 |
| 2 14  5 10 |

SCORE OF NEIGHBOUR 3: 1.32505

----------------------------------------
FOUND LOCAL MAXIMUM

|12  6 15  4 |
| 7  0  3  1 |
|13  9  8 11 |
| 2 14  5 10 |
With Score : 2.39535
----------------------------------------
