CURRENT GAME STATE


| 8 13 10  9 |
|11  3 15  6 |
| 0  1  2 14 |
|12  5  4  7 |

CURRENT SCORE: 0.218469

NEIGHBOUR 0


 NO STATE 

SCORE OF NEIGHBOUR 0: -1

NEIGHBOUR 1


| 8 13 10  9 |
|11  3 15  6 |
| 1  0  2 14 |
|12  5  4  7 |

SCORE OF NEIGHBOUR 1: 0.462496

NEIGHBOUR 2


| 8 13 10  9 |
| 0  3 15  6 |
|11  1  2 14 |
|12  5  4  7 |

SCORE OF NEIGHBOUR 2: 0.11891

NEIGHBOUR 3


| 8 13 10  9 |
|11  3 15  6 |
|12  1  2 14 |
| 0  5  4  7 |

SCORE OF NEIGHBOUR 3: 0.239996

NEIGBOUR 1 CHOSEN

--------------------------------------------
CURRENT GAME STATE


| 8 13 10  9 |
|11  3 15  6 |
| 1  0  2 14 |
|12  5  4  7 |

CURRENT SCORE: 0.462496

NEIGHBOUR 0


| 8 13 10  9 |
|11  3 15  6 |
| 0  1  2 14 |
|12  5  4  7 |

SCORE OF NEIGHBOUR 0: 0.204942

NEIGHBOUR 1


| 8 13 10  9 |
|11  3 15  6 |
| 1  2  0 14 |
|12  5  4  7 |

SCORE OF NEIGHBOUR 1: 0.346459

NEIGHBOUR 2


| 8 13 10  9 |
|11  0 15  6 |
| 1  3  2 14 |
|12  5  4  7 |

SCORE OF NEIGHBOUR 2: 0.0730275

NEIGHBOUR 3


| 8 13 10  9 |
|11  3 15  6 |
| 1  5  2 14 |
|12  0  4  7 |

SCORE OF NEIGHBOUR 3: 0.187779

----------------------------------------
FOUND LOCAL MAXIMUM

| 8 13 10  9 |
|11  3 15  6 |
| 1  0  2 14 |
|12  5  4  7 |
With Score : 0.462496
----------------------------------------
