CURRENT GAME STATE


|14  1  8 15 |
| 2  6  0  3 |
| 9 12 10 13 |
| 4  7  5 11 |

CURRENT SCORE: 2.43753

NEIGHBOUR 0


|14  1  8 15 |
| 2  0  6  3 |
| 9 12 10 13 |
| 4  7  5 11 |

SCORE OF NEIGHBOUR 0: 1.18129

NEIGHBOUR 1


|14  1  8 15 |
| 2  6  3  0 |
| 9 12 10 13 |
| 4  7  5 11 |

SCORE OF NEIGHBOUR 1: 0.955749

NEIGHBOUR 2


|14  1  0 15 |
| 2  6  8  3 |
| 9 12 10 13 |
| 4  7  5 11 |

SCORE OF NEIGHBOUR 2: 2.49192

NEIGHBOUR 3


|14  1  8 15 |
| 2  6 10  3 |
| 9 12  0 13 |
| 4  7  5 11 |

SCORE OF NEIGHBOUR 3: 1.03508

NEIGBOUR 2 CHOSEN

--------------------------------------------
CURRENT GAME STATE


|14  1  0 15 |
| 2  6  8  3 |
| 9 12 10 13 |
| 4  7  5 11 |

CURRENT SCORE: 2.49192

NEIGHBOUR 0


|14  0  1 15 |
| 2  6  8  3 |
| 9 12 10 13 |
| 4  7  5 11 |

SCORE OF NEIGHBOUR 0: 2.30883

NEIGHBOUR 1


|14  1 15  0 |
| 2  6  8  3 |
| 9 12 10 13 |
| 4  7  5 11 |

SCORE OF NEIGHBOUR 1: 1.35821

NEIGHBOUR 2


 NO STATE 

SCORE OF NEIGHBOUR 2: -1

NEIGHBOUR 3


|14  1  8 15 |
| 2  6  0  3 |
| 9 12 10 13 |
| 4  7  5 11 |

SCORE OF NEIGHBOUR 3: 2.27624

----------------------------------------
FOUND LOCAL MAXIMUM

|14  1  0 15 |
| 2  6  8  3 |
| 9 12 10 13 |
| 4  7  5 11 |
With Score : 2.49192
----------------------------------------
