CURRENT GAME STATE


| 3 15  2  5 |
|11  6  4  7 |
|12  9  1  0 |
|13 14 10  8 |

CURRENT SCORE: 41.3822

NEIGHBOUR 0


| 3 15  2  5 |
|11  6  4  7 |
|12  9  0  1 |
|13 14 10  8 |

SCORE OF NEIGHBOUR 0: 41.0188

NEIGHBOUR 1


 NO STATE 

SCORE OF NEIGHBOUR 1: -1

NEIGHBOUR 2


| 3 15  2  5 |
|11  6  4  0 |
|12  9  1  7 |
|13 14 10  8 |

SCORE OF NEIGHBOUR 2: 21.65

NEIGHBOUR 3


| 3 15  2  5 |
|11  6  4  7 |
|12  9  1  8 |
|13 14 10  0 |

SCORE OF NEIGHBOUR 3: 18.3335

----------------------------------------
FOUND LOCAL MAXIMUM

| 3 15  2  5 |
|11  6  4  7 |
|12  9  1  0 |
|13 14 10  8 |
With Score : 41.3822
----------------------------------------
