CURRENT GAME STATE


|14  4  0 10 |
| 6  5  1  3 |
| 9  2 13 15 |
|12  7  8 11 |

CURRENT SCORE: 2.32322

NEIGHBOUR 0


|14  0  4 10 |
| 6  5  1  3 |
| 9  2 13 15 |
|12  7  8 11 |

SCORE OF NEIGHBOUR 0: 0.942081

NEIGHBOUR 1


|14  4 10  0 |
| 6  5  1  3 |
| 9  2 13 15 |
|12  7  8 11 |

SCORE OF NEIGHBOUR 1: 0.93615

NEIGHBOUR 2


 NO STATE 

SCORE OF NEIGHBOUR 2: -1

NEIGHBOUR 3


|14  4  1 10 |
| 6  5  0  3 |
| 9  2 13 15 |
|12  7  8 11 |

SCORE OF NEIGHBOUR 3: 1.50365

----------------------------------------
FOUND LOCAL MAXIMUM

|14  4  0 10 |
| 6  5  1  3 |
| 9  2 13 15 |
|12  7  8 11 |
With Score : 2.32322
----------------------------------------
