CURRENT GAME STATE


| 7  3 14 13 |
| 4  1 10  8 |
| 5 12  9 11 |
| 2 15  6  0 |

CURRENT SCORE: 3.05677

NEIGHBOUR 0


| 7  3 14 13 |
| 4  1 10  8 |
| 5 12  9 11 |
| 2 15  0  6 |

SCORE OF NEIGHBOUR 0: 1.54737

NEIGHBOUR 1


 NO STATE 

SCORE OF NEIGHBOUR 1: -1

NEIGHBOUR 2


| 7  3 14 13 |
| 4  1 10  8 |
| 5 12  9  0 |
| 2 15  6 11 |

SCORE OF NEIGHBOUR 2: 2.00054

NEIGHBOUR 3


 NO STATE 

SCORE OF NEIGHBOUR 3: -1

----------------------------------------
FOUND LOCAL MAXIMUM

| 7  3 14 13 |
| 4  1 10  8 |
| 5 12  9 11 |
| 2 15  6  0 |
With Score : 3.05677
----------------------------------------
