CURRENT GAME STATE


| 6  0  5 10 |
|11 12  9  2 |
| 1  7  4  3 |
|14  8 13 15 |

CURRENT SCORE: 0.14374

NEIGHBOUR 0


| 0  6  5 10 |
|11 12  9  2 |
| 1  7  4  3 |
|14  8 13 15 |

SCORE OF NEIGHBOUR 0: 0.189442

NEIGHBOUR 1


| 6  5  0 10 |
|11 12  9  2 |
| 1  7  4  3 |
|14  8 13 15 |

SCORE OF NEIGHBOUR 1: 0.0856274

NEIGHBOUR 2


 NO STATE 

SCORE OF NEIGHBOUR 2: -1

NEIGHBOUR 3


| 6 12  5 10 |
|11  0  9  2 |
| 1  7  4  3 |
|14  8 13 15 |

SCORE OF NEIGHBOUR 3: 0.0805482

NEIGBOUR 0 CHOSEN

--------------------------------------------
CURRENT GAME STATE


| 0  6  5 10 |
|11 12  9  2 |
| 1  7  4  3 |
|14  8 13 15 |

CURRENT SCORE: 0.189442

NEIGHBOUR 0


 NO STATE 

SCORE OF NEIGHBOUR 0: -1

NEIGHBOUR 1


| 6  0  5 10 |
|11 12  9  2 |
| 1  7  4  3 |
|14  8 13 15 |

SCORE OF NEIGHBOUR 1: 0.128725

NEIGHBOUR 2


 NO STATE 

SCORE OF NEIGHBOUR 2: -1

NEIGHBOUR 3


|11  6  5 10 |
| 0 12  9  2 |
| 1  7  4  3 |
|14  8 13 15 |

SCORE OF NEIGHBOUR 3: 0.181809

----------------------------------------
FOUND LOCAL MAXIMUM

| 0  6  5 10 |
|11 12  9  2 |
| 1  7  4  3 |
|14  8 13 15 |
With Score : 0.189442
----------------------------------------
