CURRENT GAME STATE


|14  7  1  9 |
|12  3  6 15 |
| 8 11  2  5 |
|10  0  4 13 |

CURRENT SCORE: 0.65123

NEIGHBOUR 0


|14  7  1  9 |
|12  3  6 15 |
| 8 11  2  5 |
| 0 10  4 13 |

SCORE OF NEIGHBOUR 0: 0.985156

NEIGHBOUR 1


|14  7  1  9 |
|12  3  6 15 |
| 8 11  2  5 |
|10  4  0 13 |

SCORE OF NEIGHBOUR 1: 0.247133

NEIGHBOUR 2


|14  7  1  9 |
|12  3  6 15 |
| 8  0  2  5 |
|10 11  4 13 |

SCORE OF NEIGHBOUR 2: 1.65087

NEIGHBOUR 3


 NO STATE 

SCORE OF NEIGHBOUR 3: -1

NEIGBOUR 2 CHOSEN

--------------------------------------------
CURRENT GAME STATE


|14  7  1  9 |
|12  3  6 15 |
| 8  0  2  5 |
|10 11  4 13 |

CURRENT SCORE: 1.65087

NEIGHBOUR 0


|14  7  1  9 |
|12  3  6 15 |
| 0  8  2  5 |
|10 11  4 13 |

SCORE OF NEIGHBOUR 0: 0.560495

NEIGHBOUR 1


|14  7  1  9 |
|12  3  6 15 |
| 8  2  0  5 |
|10 11  4 13 |

SCORE OF NEIGHBOUR 1: 1.06836

NEIGHBOUR 2


|14  7  1  9 |
|12  0  6 15 |
| 8  3  2  5 |
|10 11  4 13 |

SCORE OF NEIGHBOUR 2: 0.704278

NEIGHBOUR 3


|14  7  1  9 |
|12  3  6 15 |
| 8 11  2  5 |
|10  0  4 13 |

SCORE OF NEIGHBOUR 3: 0.548667

----------------------------------------
FOUND LOCAL MAXIMUM

|14  7  1  9 |
|12  3  6 15 |
| 8  0  2  5 |
|10 11  4 13 |
With Score : 1.65087
----------------------------------------
