CURRENT GAME STATE


| 6  0  5 15 |
| 1 14  4  9 |
| 2 13  8 10 |
|11 12  7  3 |

CURRENT SCORE: 1.33667

NEIGHBOUR 0


| 0  6  5 15 |
| 1 14  4  9 |
| 2 13  8 10 |
|11 12  7  3 |

SCORE OF NEIGHBOUR 0: 0.75723

NEIGHBOUR 1


| 6  5  0 15 |
| 1 14  4  9 |
| 2 13  8 10 |
|11 12  7  3 |

SCORE OF NEIGHBOUR 1: 2.43994

NEIGHBOUR 2


 NO STATE 

SCORE OF NEIGHBOUR 2: -1

NEIGHBOUR 3


| 6 14  5 15 |
| 1  0  4  9 |
| 2 13  8 10 |
|11 12  7  3 |

SCORE OF NEIGHBOUR 3: 2.1464

NEIGBOUR 1 CHOSEN

--------------------------------------------
CURRENT GAME STATE


| 6  5  0 15 |
| 1 14  4  9 |
| 2 13  8 10 |
|11 12  7  3 |

CURRENT SCORE: 2.43994

NEIGHBOUR 0


| 6  0  5 15 |
| 1 14  4  9 |
| 2 13  8 10 |
|11 12  7  3 |

SCORE OF NEIGHBOUR 0: 1.15979

NEIGHBOUR 1


| 6  5 15  0 |
| 1 14  4  9 |
| 2 13  8 10 |
|11 12  7  3 |

SCORE OF NEIGHBOUR 1: 3.45141

NEIGHBOUR 2


 NO STATE 

SCORE OF NEIGHBOUR 2: -1

NEIGHBOUR 3


| 6  5  4 15 |
| 1 14  0  9 |
| 2 13  8 10 |
|11 12  7  3 |

SCORE OF NEIGHBOUR 3: 6.50057

NEIGBOUR 3 CHOSEN

--------------------------------------------
CURRENT GAME STATE


| 6  5  4 15 |
| 1 14  0  9 |
| 2 13  8 10 |
|11 12  7  3 |

CURRENT SCORE: 6.50057

NEIGHBOUR 0


| 6  5  4 15 |
| 1  0 14  9 |
| 2 13  8 10 |
|11 12  7  3 |

SCORE OF NEIGHBOUR 0: 3.34939

NEIGHBOUR 1


| 6  5  4 15 |
| 1 14  9  0 |
| 2 13  8 10 |
|11 12  7  3 |

SCORE OF NEIGHBOUR 1: 2.60901

NEIGHBOUR 2


| 6  5  0 15 |
| 1 14  4  9 |
| 2 13  8 10 |
|11 12  7  3 |

SCORE OF NEIGHBOUR 2: 2.22141

NEIGHBOUR 3


| 6  5  4 15 |
| 1 14  8  9 |
| 2 13  0 10 |
|11 12  7  3 |

SCORE OF NEIGHBOUR 3: 2.85293

----------------------------------------
FOUND LOCAL MAXIMUM

| 6  5  4 15 |
| 1 14  0  9 |
| 2 13  8 10 |
|11 12  7  3 |
With Score : 6.50057
----------------------------------------
