CURRENT GAME STATE


| 7 15  8  2 |
|13  6  3 12 |
|11  0  4 10 |
| 9  5  1 14 |

CURRENT SCORE: 0.832344

NEIGHBOUR 0


| 7 15  8  2 |
|13  6  3 12 |
| 0 11  4 10 |
| 9  5  1 14 |

SCORE OF NEIGHBOUR 0: 1.47652

NEIGHBOUR 1


| 7 15  8  2 |
|13  6  3 12 |
|11  4  0 10 |
| 9  5  1 14 |

SCORE OF NEIGHBOUR 1: 0.459193

NEIGHBOUR 2


| 7 15  8  2 |
|13  0  3 12 |
|11  6  4 10 |
| 9  5  1 14 |

SCORE OF NEIGHBOUR 2: 1.26748

NEIGHBOUR 3


| 7 15  8  2 |
|13  6  3 12 |
|11  5  4 10 |
| 9  0  1 14 |

SCORE OF NEIGHBOUR 3: 1.3918

NEIGBOUR 0 CHOSEN

--------------------------------------------
CURRENT GAME STATE


| 7 15  8  2 |
|13  6  3 12 |
| 0 11  4 10 |
| 9  5  1 14 |

CURRENT SCORE: 1.47652

NEIGHBOUR 0


 NO STATE 

SCORE OF NEIGHBOUR 0: -1

NEIGHBOUR 1


| 7 15  8  2 |
|13  6  3 12 |
|11  0  4 10 |
| 9  5  1 14 |

SCORE OF NEIGHBOUR 1: 0.790108

NEIGHBOUR 2


| 7 15  8  2 |
| 0  6  3 12 |
|13 11  4 10 |
| 9  5  1 14 |

SCORE OF NEIGHBOUR 2: 3.67096

NEIGHBOUR 3


| 7 15  8  2 |
|13  6  3 12 |
| 9 11  4 10 |
| 0  5  1 14 |

SCORE OF NEIGHBOUR 3: 2.40847

NEIGBOUR 2 CHOSEN

--------------------------------------------
CURRENT GAME STATE


| 7 15  8  2 |
| 0  6  3 12 |
|13 11  4 10 |
| 9  5  1 14 |

CURRENT SCORE: 3.67096

NEIGHBOUR 0


 NO STATE 

SCORE OF NEIGHBOUR 0: -1

NEIGHBOUR 1


| 7 15  8  2 |
| 6  0  3 12 |
|13 11  4 10 |
| 9  5  1 14 |

SCORE OF NEIGHBOUR 1: 2.72809

NEIGHBOUR 2


| 0 15  8  2 |
| 7  6  3 12 |
|13 11  4 10 |
| 9  5  1 14 |

SCORE OF NEIGHBOUR 2: 5.15801

NEIGHBOUR 3


| 7 15  8  2 |
|13  6  3 12 |
| 0 11  4 10 |
| 9  5  1 14 |

SCORE OF NEIGHBOUR 3: 1.44198

NEIGBOUR 2 CHOSEN

--------------------------------------------
CURRENT GAME STATE


| 0 15  8  2 |
| 7  6  3 12 |
|13 11  4 10 |
| 9  5  1 14 |

CURRENT SCORE: 5.15801

NEIGHBOUR 0


 NO STATE 

SCORE OF NEIGHBOUR 0: -1

NEIGHBOUR 1


|15  0  8  2 |
| 7  6  3 12 |
|13 11  4 10 |
| 9  5  1 14 |

SCORE OF NEIGHBOUR 1: 12.5688

NEIGHBOUR 2


 NO STATE 

SCORE OF NEIGHBOUR 2: -1

NEIGHBOUR 3


| 7 15  8  2 |
| 0  6  3 12 |
|13 11  4 10 |
| 9  5  1 14 |

SCORE OF NEIGHBOUR 3: 3.55077

NEIGBOUR 1 CHOSEN

--------------------------------------------
CURRENT GAME STATE


|15  0  8  2 |
| 7  6  3 12 |
|13 11  4 10 |
| 9  5  1 14 |

CURRENT SCORE: 12.5688

NEIGHBOUR 0


| 0 15  8  2 |
| 7  6  3 12 |
|13 11  4 10 |
| 9  5  1 14 |

SCORE OF NEIGHBOUR 0: 5.14111

NEIGHBOUR 1


|15  8  0  2 |
| 7  6  3 12 |
|13 11  4 10 |
| 9  5  1 14 |

SCORE OF NEIGHBOUR 1: 6.5899

NEIGHBOUR 2


 NO STATE 

SCORE OF NEIGHBOUR 2: -1

NEIGHBOUR 3


|15  6  8  2 |
| 7  0  3 12 |
|13 11  4 10 |
| 9  5  1 14 |

SCORE OF NEIGHBOUR 3: 6.65161

----------------------------------------
FOUND LOCAL MAXIMUM

|15  0  8  2 |
| 7  6  3 12 |
|13 11  4 10 |
| 9  5  1 14 |
With Score : 12.5688
----------------------------------------
