CURRENT GAME STATE


| 3  6  5  2 |
|10  0 15 14 |
| 1  4 13 12 |
| 9  8 11  7 |

CURRENT SCORE: 0.201598

NEIGHBOUR 0


| 3  6  5  2 |
| 0 10 15 14 |
| 1  4 13 12 |
| 9  8 11  7 |

SCORE OF NEIGHBOUR 0: 0.120589

NEIGHBOUR 1


| 3  6  5  2 |
|10 15  0 14 |
| 1  4 13 12 |
| 9  8 11  7 |

SCORE OF NEIGHBOUR 1: 0.263715

NEIGHBOUR 2


| 3  0  5  2 |
|10  6 15 14 |
| 1  4 13 12 |
| 9  8 11  7 |

SCORE OF NEIGHBOUR 2: 0.287171

NEIGHBOUR 3


| 3  6  5  2 |
|10  4 15 14 |
| 1  0 13 12 |
| 9  8 11  7 |

SCORE OF NEIGHBOUR 3: 0.406535

NEIGBOUR 3 CHOSEN

--------------------------------------------
CURRENT GAME STATE


| 3  6  5  2 |
|10  4 15 14 |
| 1  0 13 12 |
| 9  8 11  7 |

CURRENT SCORE: 0.406535

NEIGHBOUR 0


| 3  6  5  2 |
|10  4 15 14 |
| 0  1 13 12 |
| 9  8 11  7 |

SCORE OF NEIGHBOUR 0: 0.68391

NEIGHBOUR 1


| 3  6  5  2 |
|10  4 15 14 |
| 1 13  0 12 |
| 9  8 11  7 |

SCORE OF NEIGHBOUR 1: 0.243151

NEIGHBOUR 2


| 3  6  5  2 |
|10  0 15 14 |
| 1  4 13 12 |
| 9  8 11  7 |

SCORE OF NEIGHBOUR 2: 0.206996

NEIGHBOUR 3


| 3  6  5  2 |
|10  4 15 14 |
| 1  8 13 12 |
| 9  0 11  7 |

SCORE OF NEIGHBOUR 3: 0.58056

NEIGBOUR 0 CHOSEN

--------------------------------------------
CURRENT GAME STATE


| 3  6  5  2 |
|10  4 15 14 |
| 0  1 13 12 |
| 9  8 11  7 |

CURRENT SCORE: 0.68391

NEIGHBOUR 0


 NO STATE 

SCORE OF NEIGHBOUR 0: -1

NEIGHBOUR 1


| 3  6  5  2 |
|10  4 15 14 |
| 1  0 13 12 |
| 9  8 11  7 |

SCORE OF NEIGHBOUR 1: 0.419919

NEIGHBOUR 2


| 3  6  5  2 |
| 0  4 15 14 |
|10  1 13 12 |
| 9  8 11  7 |

SCORE OF NEIGHBOUR 2: 1.86248

NEIGHBOUR 3


| 3  6  5  2 |
|10  4 15 14 |
| 9  1 13 12 |
| 0  8 11  7 |

SCORE OF NEIGHBOUR 3: 0.885104

NEIGBOUR 2 CHOSEN

--------------------------------------------
CURRENT GAME STATE


| 3  6  5  2 |
| 0  4 15 14 |
|10  1 13 12 |
| 9  8 11  7 |

CURRENT SCORE: 1.86248

NEIGHBOUR 0


 NO STATE 

SCORE OF NEIGHBOUR 0: -1

NEIGHBOUR 1


| 3  6  5  2 |
| 4  0 15 14 |
|10  1 13 12 |
| 9  8 11  7 |

SCORE OF NEIGHBOUR 1: 1.48416

NEIGHBOUR 2


| 0  6  5  2 |
| 3  4 15 14 |
|10  1 13 12 |
| 9  8 11  7 |

SCORE OF NEIGHBOUR 2: 0.550242

NEIGHBOUR 3


| 3  6  5  2 |
|10  4 15 14 |
| 0  1 13 12 |
| 9  8 11  7 |

SCORE OF NEIGHBOUR 3: 0.702004

----------------------------------------
FOUND LOCAL MAXIMUM

| 3  6  5  2 |
| 0  4 15 14 |
|10  1 13 12 |
| 9  8 11  7 |
With Score : 1.86248
----------------------------------------
