CURRENT GAME STATE


|14  3  9  1 |
|15  8  4  5 |
|11  7 10 13 |
| 0  2 12  6 |

CURRENT SCORE: 7.91885

NEIGHBOUR 0


 NO STATE 

SCORE OF NEIGHBOUR 0: -1

NEIGHBOUR 1


|14  3  9  1 |
|15  8  4  5 |
|11  7 10 13 |
| 2  0 12  6 |

SCORE OF NEIGHBOUR 1: 3.77949

NEIGHBOUR 2


|14  3  9  1 |
|15  8  4  5 |
| 0  7 10 13 |
|11  2 12  6 |

SCORE OF NEIGHBOUR 2: 26.6878

NEIGHBOUR 3


 NO STATE 

SCORE OF NEIGHBOUR 3: -1

NEIGBOUR 2 CHOSEN

--------------------------------------------
CURRENT GAME STATE


|14  3  9  1 |
|15  8  4  5 |
| 0  7 10 13 |
|11  2 12  6 |

CURRENT SCORE: 26.6878

