CURRENT GAME STATE


| 5  9 13 14 |
| 6  3  7 12 |
|10  8  4  0 |
|15  2 11  1 |

CURRENT SCORE: 3.5719

NEIGHBOUR 0


| 5  9 13 14 |
| 6  3  7 12 |
|10  8  0  4 |
|15  2 11  1 |

SCORE OF NEIGHBOUR 0: 4.62333

NEIGHBOUR 1


 NO STATE 

SCORE OF NEIGHBOUR 1: -1

NEIGHBOUR 2


| 5  9 13 14 |
| 6  3  7  0 |
|10  8  4 12 |
|15  2 11  1 |

SCORE OF NEIGHBOUR 2: 11.046

NEIGHBOUR 3


| 5  9 13 14 |
| 6  3  7 12 |
|10  8  4  1 |
|15  2 11  0 |

SCORE OF NEIGHBOUR 3: 1.49317

NEIGBOUR 2 CHOSEN

--------------------------------------------
CURRENT GAME STATE


| 5  9 13 14 |
| 6  3  7  0 |
|10  8  4 12 |
|15  2 11  1 |

CURRENT SCORE: 11.046

NEIGHBOUR 0


| 5  9 13 14 |
| 6  3  0  7 |
|10  8  4 12 |
|15  2 11  1 |

SCORE OF NEIGHBOUR 0: 8.20048

NEIGHBOUR 1


 NO STATE 

SCORE OF NEIGHBOUR 1: -1

NEIGHBOUR 2


| 5  9 13  0 |
| 6  3  7 14 |
|10  8  4 12 |
|15  2 11  1 |

SCORE OF NEIGHBOUR 2: 4.50969

NEIGHBOUR 3


| 5  9 13 14 |
| 6  3  7 12 |
|10  8  4  0 |
|15  2 11  1 |

SCORE OF NEIGHBOUR 3: 3.33708

----------------------------------------
FOUND LOCAL MAXIMUM

| 5  9 13 14 |
| 6  3  7  0 |
|10  8  4 12 |
|15  2 11  1 |
With Score : 11.046
----------------------------------------
