CURRENT GAME STATE


|15  2 12 11 |
|14 13  9  5 |
| 1  3  8  7 |
| 0 10  6  4 |

CURRENT SCORE: 37.7311

NEIGHBOUR 0


 NO STATE 

SCORE OF NEIGHBOUR 0: -1

NEIGHBOUR 1


|15  2 12 11 |
|14 13  9  5 |
| 1  3  8  7 |
|10  0  6  4 |

SCORE OF NEIGHBOUR 1: 23.3816

NEIGHBOUR 2


|15  2 12 11 |
|14 13  9  5 |
| 0  3  8  7 |
| 1 10  6  4 |

SCORE OF NEIGHBOUR 2: 18.9658

NEIGHBOUR 3


 NO STATE 

SCORE OF NEIGHBOUR 3: -1

----------------------------------------
FOUND LOCAL MAXIMUM

|15  2 12 11 |
|14 13  9  5 |
| 1  3  8  7 |
| 0 10  6  4 |
With Score : 37.7311
----------------------------------------
