CURRENT GAME STATE


|15  1  3 12 |
| 4  0  6  5 |
| 2  8 14  9 |
|13 10  7 11 |

CURRENT SCORE: 4.1503

NEIGHBOUR 0


|15  1  3 12 |
| 0  4  6  5 |
| 2  8 14  9 |
|13 10  7 11 |

SCORE OF NEIGHBOUR 0: 1.88651

NEIGHBOUR 1


|15  1  3 12 |
| 4  6  0  5 |
| 2  8 14  9 |
|13 10  7 11 |

SCORE OF NEIGHBOUR 1: 2.06265

NEIGHBOUR 2


|15  0  3 12 |
| 4  1  6  5 |
| 2  8 14  9 |
|13 10  7 11 |

SCORE OF NEIGHBOUR 2: 1.5496

NEIGHBOUR 3


|15  1  3 12 |
| 4  8  6  5 |
| 2  0 14  9 |
|13 10  7 11 |

SCORE OF NEIGHBOUR 3: 1.88659

----------------------------------------
FOUND LOCAL MAXIMUM

|15  1  3 12 |
| 4  0  6  5 |
| 2  8 14  9 |
|13 10  7 11 |
With Score : 4.1503
----------------------------------------
