CURRENT GAME STATE


|15 14  6  7 |
|10  1  0 11 |
|12  8  4  9 |
| 2  5 13  3 |

CURRENT SCORE: 7.73353

NEIGHBOUR 0


|15 14  6  7 |
|10  0  1 11 |
|12  8  4  9 |
| 2  5 13  3 |

SCORE OF NEIGHBOUR 0: 14.3168

NEIGHBOUR 1


|15 14  6  7 |
|10  1 11  0 |
|12  8  4  9 |
| 2  5 13  3 |

SCORE OF NEIGHBOUR 1: 1.9661

NEIGHBOUR 2


|15 14  0  7 |
|10  1  6 11 |
|12  8  4  9 |
| 2  5 13  3 |

SCORE OF NEIGHBOUR 2: 2.28163

NEIGHBOUR 3


|15 14  6  7 |
|10  1  4 11 |
|12  8  0  9 |
| 2  5 13  3 |

SCORE OF NEIGHBOUR 3: 4.33003

NEIGBOUR 0 CHOSEN

--------------------------------------------
CURRENT GAME STATE


|15 14  6  7 |
|10  0  1 11 |
|12  8  4  9 |
| 2  5 13  3 |

CURRENT SCORE: 14.3168

NEIGHBOUR 0


|15 14  6  7 |
| 0 10  1 11 |
|12  8  4  9 |
| 2  5 13  3 |

SCORE OF NEIGHBOUR 0: 22.6908

NEIGHBOUR 1


|15 14  6  7 |
|10  1  0 11 |
|12  8  4  9 |
| 2  5 13  3 |

SCORE OF NEIGHBOUR 1: 7.14325

NEIGHBOUR 2


|15  0  6  7 |
|10 14  1 11 |
|12  8  4  9 |
| 2  5 13  3 |

SCORE OF NEIGHBOUR 2: 6.39671

NEIGHBOUR 3


|15 14  6  7 |
|10  8  1 11 |
|12  0  4  9 |
| 2  5 13  3 |

SCORE OF NEIGHBOUR 3: 6.48157

NEIGBOUR 0 CHOSEN

--------------------------------------------
CURRENT GAME STATE


|15 14  6  7 |
| 0 10  1 11 |
|12  8  4  9 |
| 2  5 13  3 |

CURRENT SCORE: 22.6908

NEIGHBOUR 0


 NO STATE 

SCORE OF NEIGHBOUR 0: -1

NEIGHBOUR 1


|15 14  6  7 |
|10  0  1 11 |
|12  8  4  9 |
| 2  5 13  3 |

SCORE OF NEIGHBOUR 1: 14.5723

NEIGHBOUR 2


| 0 14  6  7 |
|15 10  1 11 |
|12  8  4  9 |
| 2  5 13  3 |

SCORE OF NEIGHBOUR 2: 8.96051

NEIGHBOUR 3


|15 14  6  7 |
|12 10  1 11 |
| 0  8  4  9 |
| 2  5 13  3 |

SCORE OF NEIGHBOUR 3: 38.1828

NEIGBOUR 3 CHOSEN

--------------------------------------------
CURRENT GAME STATE


|15 14  6  7 |
|12 10  1 11 |
| 0  8  4  9 |
| 2  5 13  3 |

CURRENT SCORE: 38.1828

NEIGHBOUR 0


 NO STATE 

SCORE OF NEIGHBOUR 0: -1

NEIGHBOUR 1


|15 14  6  7 |
|12 10  1 11 |
| 8  0  4  9 |
| 2  5 13  3 |

SCORE OF NEIGHBOUR 1: 17.4356

NEIGHBOUR 2


|15 14  6  7 |
| 0 10  1 11 |
|12  8  4  9 |
| 2  5 13  3 |

SCORE OF NEIGHBOUR 2: 20.0631

NEIGHBOUR 3


|15 14  6  7 |
|12 10  1 11 |
| 2  8  4  9 |
| 0  5 13  3 |

SCORE OF NEIGHBOUR 3: 13.9443

----------------------------------------
FOUND LOCAL MAXIMUM

|15 14  6  7 |
|12 10  1 11 |
| 0  8  4  9 |
| 2  5 13  3 |
With Score : 38.1828
----------------------------------------
