CURRENT GAME STATE


| 8 13 10  9 |
|11  3 15  6 |
| 0  1  2 14 |
|12  5  4  7 |

CURRENT SCORE: 0.249699

NEIGHBOUR 0


 NO STATE 

SCORE OF NEIGHBOUR 0: -1

NEIGHBOUR 1


| 8 13 10  9 |
|11  3 15  6 |
| 1  0  2 14 |
|12  5  4  7 |

SCORE OF NEIGHBOUR 1: 0.545368

NEIGHBOUR 2


| 8 13 10  9 |
| 0  3 15  6 |
|11  1  2 14 |
|12  5  4  7 |

SCORE OF NEIGHBOUR 2: 0.13631

NEIGHBOUR 3


| 8 13 10  9 |
|11  3 15  6 |
|12  1  2 14 |
| 0  5  4  7 |

SCORE OF NEIGHBOUR 3: 0.278125

NEIGBOUR 1 CHOSEN

--------------------------------------------
CURRENT GAME STATE


| 8 13 10  9 |
|11  3 15  6 |
| 1  0  2 14 |
|12  5  4  7 |

CURRENT SCORE: 0.545368

NEIGHBOUR 0


| 8 13 10  9 |
|11  3 15  6 |
| 0  1  2 14 |
|12  5  4  7 |

SCORE OF NEIGHBOUR 0: 0.236036

NEIGHBOUR 1


| 8 13 10  9 |
|11  3 15  6 |
| 1  2  0 14 |
|12  5  4  7 |

SCORE OF NEIGHBOUR 1: 0.398026

NEIGHBOUR 2


| 8 13 10  9 |
|11  0 15  6 |
| 1  3  2 14 |
|12  5  4  7 |

SCORE OF NEIGHBOUR 2: 0.090247

NEIGHBOUR 3


| 8 13 10  9 |
|11  3 15  6 |
| 1  5  2 14 |
|12  0  4  7 |

SCORE OF NEIGHBOUR 3: 0.21828

----------------------------------------
FOUND LOCAL MAXIMUM

| 8 13 10  9 |
|11  3 15  6 |
| 1  0  2 14 |
|12  5  4  7 |
With Score : 0.545368
----------------------------------------
