CURRENT GAME STATE


| 7 15  4  0 |
|10  9  2  5 |
|12 11 13  6 |
| 1  3 14  8 |

CURRENT SCORE: 4.14293

NEIGHBOUR 0


| 7 15  0  4 |
|10  9  2  5 |
|12 11 13  6 |
| 1  3 14  8 |

SCORE OF NEIGHBOUR 0: 7.45475

NEIGHBOUR 1


 NO STATE 

SCORE OF NEIGHBOUR 1: -1

NEIGHBOUR 2


 NO STATE 

SCORE OF NEIGHBOUR 2: -1

NEIGHBOUR 3


| 7 15  4  5 |
|10  9  2  0 |
|12 11 13  6 |
| 1  3 14  8 |

SCORE OF NEIGHBOUR 3: 3.33581

NEIGBOUR 0 CHOSEN

--------------------------------------------
CURRENT GAME STATE


| 7 15  0  4 |
|10  9  2  5 |
|12 11 13  6 |
| 1  3 14  8 |

CURRENT SCORE: 7.45475

NEIGHBOUR 0


| 7  0 15  4 |
|10  9  2  5 |
|12 11 13  6 |
| 1  3 14  8 |

SCORE OF NEIGHBOUR 0: 13.6801

NEIGHBOUR 1


| 7 15  4  0 |
|10  9  2  5 |
|12 11 13  6 |
| 1  3 14  8 |

SCORE OF NEIGHBOUR 1: 3.9703

NEIGHBOUR 2


 NO STATE 

SCORE OF NEIGHBOUR 2: -1

NEIGHBOUR 3


| 7 15  2  4 |
|10  9  0  5 |
|12 11 13  6 |
| 1  3 14  8 |

SCORE OF NEIGHBOUR 3: 20.2544

NEIGBOUR 3 CHOSEN

--------------------------------------------
CURRENT GAME STATE


| 7 15  2  4 |
|10  9  0  5 |
|12 11 13  6 |
| 1  3 14  8 |

CURRENT SCORE: 20.2544

NEIGHBOUR 0


| 7 15  2  4 |
|10  0  9  5 |
|12 11 13  6 |
| 1  3 14  8 |

SCORE OF NEIGHBOUR 0: 39.5642

NEIGHBOUR 1


| 7 15  2  4 |
|10  9  5  0 |
|12 11 13  6 |
| 1  3 14  8 |

SCORE OF NEIGHBOUR 1: 9.62648

NEIGHBOUR 2


| 7 15  0  4 |
|10  9  2  5 |
|12 11 13  6 |
| 1  3 14  8 |

SCORE OF NEIGHBOUR 2: 7.03616

NEIGHBOUR 3


| 7 15  2  4 |
|10  9 13  5 |
|12 11  0  6 |
| 1  3 14  8 |

SCORE OF NEIGHBOUR 3: 38.2472

NEIGBOUR 0 CHOSEN

--------------------------------------------
CURRENT GAME STATE


| 7 15  2  4 |
|10  0  9  5 |
|12 11 13  6 |
| 1  3 14  8 |

CURRENT SCORE: 39.5642

