CURRENT GAME STATE


| 1  6 12 14 |
| 3  2 15  8 |
| 4  5 13  9 |
| 0  7 11 10 |

CURRENT SCORE: 1.82965

NEIGHBOUR 0


 NO STATE 

SCORE OF NEIGHBOUR 0: -1

NEIGHBOUR 1


| 1  6 12 14 |
| 3  2 15  8 |
| 4  5 13  9 |
| 7  0 11 10 |

SCORE OF NEIGHBOUR 1: 1.13148

NEIGHBOUR 2


| 1  6 12 14 |
| 3  2 15  8 |
| 0  5 13  9 |
| 4  7 11 10 |

SCORE OF NEIGHBOUR 2: 1.12565

NEIGHBOUR 3


 NO STATE 

SCORE OF NEIGHBOUR 3: -1

----------------------------------------
FOUND LOCAL MAXIMUM

| 1  6 12 14 |
| 3  2 15  8 |
| 4  5 13  9 |
| 0  7 11 10 |
With Score : 1.82965
----------------------------------------
