CURRENT GAME STATE


|12  8 15 13 |
| 1  0  5  4 |
| 6  3  2 11 |
| 9  7 14 10 |

CURRENT SCORE: 0.0264724

NEIGHBOUR 0


|12  8 15 13 |
| 0  1  5  4 |
| 6  3  2 11 |
| 9  7 14 10 |

SCORE OF NEIGHBOUR 0: 0.0114187

NEIGHBOUR 1


|12  8 15 13 |
| 1  5  0  4 |
| 6  3  2 11 |
| 9  7 14 10 |

SCORE OF NEIGHBOUR 1: 0.0639026

NEIGHBOUR 2


|12  0 15 13 |
| 1  8  5  4 |
| 6  3  2 11 |
| 9  7 14 10 |

SCORE OF NEIGHBOUR 2: 0.0385244

NEIGHBOUR 3


|12  8 15 13 |
| 1  3  5  4 |
| 6  0  2 11 |
| 9  7 14 10 |

SCORE OF NEIGHBOUR 3: 0.0548352

NEIGBOUR 1 CHOSEN

--------------------------------------------
CURRENT GAME STATE


|12  8 15 13 |
| 1  5  0  4 |
| 6  3  2 11 |
| 9  7 14 10 |

CURRENT SCORE: 0.0639026

NEIGHBOUR 0


|12  8 15 13 |
| 1  0  5  4 |
| 6  3  2 11 |
| 9  7 14 10 |

SCORE OF NEIGHBOUR 0: 0.0235408

NEIGHBOUR 1


|12  8 15 13 |
| 1  5  4  0 |
| 6  3  2 11 |
| 9  7 14 10 |

SCORE OF NEIGHBOUR 1: 0.139591

NEIGHBOUR 2


|12  8  0 13 |
| 1  5 15  4 |
| 6  3  2 11 |
| 9  7 14 10 |

SCORE OF NEIGHBOUR 2: 0.150126

NEIGHBOUR 3


|12  8 15 13 |
| 1  5  2  4 |
| 6  3  0 11 |
| 9  7 14 10 |

SCORE OF NEIGHBOUR 3: 0.143211

NEIGBOUR 2 CHOSEN

--------------------------------------------
CURRENT GAME STATE


|12  8  0 13 |
| 1  5 15  4 |
| 6  3  2 11 |
| 9  7 14 10 |

CURRENT SCORE: 0.150126

NEIGHBOUR 0


|12  0  8 13 |
| 1  5 15  4 |
| 6  3  2 11 |
| 9  7 14 10 |

SCORE OF NEIGHBOUR 0: 0.391354

NEIGHBOUR 1


|12  8 13  0 |
| 1  5 15  4 |
| 6  3  2 11 |
| 9  7 14 10 |

SCORE OF NEIGHBOUR 1: 0.399682

NEIGHBOUR 2


 NO STATE 

SCORE OF NEIGHBOUR 2: -1

NEIGHBOUR 3


|12  8 15 13 |
| 1  5  0  4 |
| 6  3  2 11 |
| 9  7 14 10 |

SCORE OF NEIGHBOUR 3: 0.0658253

NEIGBOUR 1 CHOSEN

--------------------------------------------
CURRENT GAME STATE


|12  8 13  0 |
| 1  5 15  4 |
| 6  3  2 11 |
| 9  7 14 10 |

CURRENT SCORE: 0.399682

NEIGHBOUR 0


|12  8  0 13 |
| 1  5 15  4 |
| 6  3  2 11 |
| 9  7 14 10 |

SCORE OF NEIGHBOUR 0: 0.149685

NEIGHBOUR 1


 NO STATE 

SCORE OF NEIGHBOUR 1: -1

NEIGHBOUR 2


 NO STATE 

SCORE OF NEIGHBOUR 2: -1

NEIGHBOUR 3


|12  8 13  4 |
| 1  5 15  0 |
| 6  3  2 11 |
| 9  7 14 10 |

SCORE OF NEIGHBOUR 3: 0.341967

----------------------------------------
FOUND LOCAL MAXIMUM

|12  8 13  0 |
| 1  5 15  4 |
| 6  3  2 11 |
| 9  7 14 10 |
With Score : 0.399682
----------------------------------------
