CURRENT GAME STATE


| 5  7  3 12 |
|15 13 14  8 |
| 0 10  9  6 |
| 1  4  2 11 |

CURRENT SCORE: 17.7111

NEIGHBOUR 0


 NO STATE 

SCORE OF NEIGHBOUR 0: -1

NEIGHBOUR 1


| 5  7  3 12 |
|15 13 14  8 |
|10  0  9  6 |
| 1  4  2 11 |

SCORE OF NEIGHBOUR 1: 8.29184

NEIGHBOUR 2


| 5  7  3 12 |
| 0 13 14  8 |
|15 10  9  6 |
| 1  4  2 11 |

SCORE OF NEIGHBOUR 2: 7.10703

NEIGHBOUR 3


| 5  7  3 12 |
|15 13 14  8 |
| 1 10  9  6 |
| 0  4  2 11 |

SCORE OF NEIGHBOUR 3: 9.61094

----------------------------------------
FOUND LOCAL MAXIMUM

| 5  7  3 12 |
|15 13 14  8 |
| 0 10  9  6 |
| 1  4  2 11 |
With Score : 17.7111
----------------------------------------
