CURRENT GAME STATE


| 5  2 14  0 |
| 7  8  6  3 |
|11 12 13 15 |
| 4 10  9  1 |

CURRENT SCORE: 1.24046

NEIGHBOUR 0


| 5  2  0 14 |
| 7  8  6  3 |
|11 12 13 15 |
| 4 10  9  1 |

SCORE OF NEIGHBOUR 0: 2.24549

NEIGHBOUR 1


 NO STATE 

SCORE OF NEIGHBOUR 1: -1

NEIGHBOUR 2


 NO STATE 

SCORE OF NEIGHBOUR 2: -1

NEIGHBOUR 3


| 5  2 14  3 |
| 7  8  6  0 |
|11 12 13 15 |
| 4 10  9  1 |

SCORE OF NEIGHBOUR 3: 1.05815

NEIGBOUR 0 CHOSEN

--------------------------------------------
CURRENT GAME STATE


| 5  2  0 14 |
| 7  8  6  3 |
|11 12 13 15 |
| 4 10  9  1 |

CURRENT SCORE: 2.24549

NEIGHBOUR 0


| 5  0  2 14 |
| 7  8  6  3 |
|11 12 13 15 |
| 4 10  9  1 |

SCORE OF NEIGHBOUR 0: 3.49221

NEIGHBOUR 1


| 5  2 14  0 |
| 7  8  6  3 |
|11 12 13 15 |
| 4 10  9  1 |

SCORE OF NEIGHBOUR 1: 1.22454

NEIGHBOUR 2


 NO STATE 

SCORE OF NEIGHBOUR 2: -1

NEIGHBOUR 3


| 5  2  6 14 |
| 7  8  0  3 |
|11 12 13 15 |
| 4 10  9  1 |

SCORE OF NEIGHBOUR 3: 5.12384

NEIGBOUR 3 CHOSEN

--------------------------------------------
CURRENT GAME STATE


| 5  2  6 14 |
| 7  8  0  3 |
|11 12 13 15 |
| 4 10  9  1 |

CURRENT SCORE: 5.12384

NEIGHBOUR 0


| 5  2  6 14 |
| 7  0  8  3 |
|11 12 13 15 |
| 4 10  9  1 |

SCORE OF NEIGHBOUR 0: 2.30107

NEIGHBOUR 1


| 5  2  6 14 |
| 7  8  3  0 |
|11 12 13 15 |
| 4 10  9  1 |

SCORE OF NEIGHBOUR 1: 8.67937

NEIGHBOUR 2


| 5  2  0 14 |
| 7  8  6  3 |
|11 12 13 15 |
| 4 10  9  1 |

SCORE OF NEIGHBOUR 2: 1.9393

NEIGHBOUR 3


| 5  2  6 14 |
| 7  8 13  3 |
|11 12  0 15 |
| 4 10  9  1 |

SCORE OF NEIGHBOUR 3: 2.29503

NEIGBOUR 1 CHOSEN

--------------------------------------------
CURRENT GAME STATE


| 5  2  6 14 |
| 7  8  3  0 |
|11 12 13 15 |
| 4 10  9  1 |

CURRENT SCORE: 8.67937

NEIGHBOUR 0


| 5  2  6 14 |
| 7  8  0  3 |
|11 12 13 15 |
| 4 10  9  1 |

SCORE OF NEIGHBOUR 0: 4.79641

NEIGHBOUR 1


 NO STATE 

SCORE OF NEIGHBOUR 1: -1

NEIGHBOUR 2


| 5  2  6  0 |
| 7  8  3 14 |
|11 12 13 15 |
| 4 10  9  1 |

SCORE OF NEIGHBOUR 2: 4.01288

NEIGHBOUR 3


| 5  2  6 14 |
| 7  8  3 15 |
|11 12 13  0 |
| 4 10  9  1 |

SCORE OF NEIGHBOUR 3: 3.78373

----------------------------------------
FOUND LOCAL MAXIMUM

| 5  2  6 14 |
| 7  8  3  0 |
|11 12 13 15 |
| 4 10  9  1 |
With Score : 8.67937
----------------------------------------
