CURRENT GAME STATE


| 3 14 13  6 |
| 4 15  8  9 |
| 5 12 10  0 |
| 2  7  1 11 |

CURRENT SCORE: 0.124173

NEIGHBOUR 0


| 3 14 13  6 |
| 4 15  8  9 |
| 5 12  0 10 |
| 2  7  1 11 |

SCORE OF NEIGHBOUR 0: 0.0974332

NEIGHBOUR 1


 NO STATE 

SCORE OF NEIGHBOUR 1: -1

NEIGHBOUR 2


| 3 14 13  6 |
| 4 15  8  0 |
| 5 12 10  9 |
| 2  7  1 11 |

SCORE OF NEIGHBOUR 2: 0.271696

NEIGHBOUR 3


| 3 14 13  6 |
| 4 15  8  9 |
| 5 12 10 11 |
| 2  7  1  0 |

SCORE OF NEIGHBOUR 3: 0.153428

NEIGBOUR 2 CHOSEN

--------------------------------------------
CURRENT GAME STATE


| 3 14 13  6 |
| 4 15  8  0 |
| 5 12 10  9 |
| 2  7  1 11 |

CURRENT SCORE: 0.271696

NEIGHBOUR 0


| 3 14 13  6 |
| 4 15  0  8 |
| 5 12 10  9 |
| 2  7  1 11 |

SCORE OF NEIGHBOUR 0: 0.958614

NEIGHBOUR 1


 NO STATE 

SCORE OF NEIGHBOUR 1: -1

NEIGHBOUR 2


| 3 14 13  0 |
| 4 15  8  6 |
| 5 12 10  9 |
| 2  7  1 11 |

SCORE OF NEIGHBOUR 2: 0.435249

NEIGHBOUR 3


| 3 14 13  6 |
| 4 15  8  9 |
| 5 12 10  0 |
| 2  7  1 11 |

SCORE OF NEIGHBOUR 3: 0.124235

NEIGBOUR 0 CHOSEN

--------------------------------------------
CURRENT GAME STATE


| 3 14 13  6 |
| 4 15  0  8 |
| 5 12 10  9 |
| 2  7  1 11 |

CURRENT SCORE: 0.958614

NEIGHBOUR 0


| 3 14 13  6 |
| 4  0 15  8 |
| 5 12 10  9 |
| 2  7  1 11 |

SCORE OF NEIGHBOUR 0: 0.881098

NEIGHBOUR 1


| 3 14 13  6 |
| 4 15  8  0 |
| 5 12 10  9 |
| 2  7  1 11 |

SCORE OF NEIGHBOUR 1: 0.297237

NEIGHBOUR 2


| 3 14  0  6 |
| 4 15 13  8 |
| 5 12 10  9 |
| 2  7  1 11 |

SCORE OF NEIGHBOUR 2: 0.517894

NEIGHBOUR 3


| 3 14 13  6 |
| 4 15 10  8 |
| 5 12  0  9 |
| 2  7  1 11 |

SCORE OF NEIGHBOUR 3: 0.38703

----------------------------------------
FOUND LOCAL MAXIMUM

| 3 14 13  6 |
| 4 15  0  8 |
| 5 12 10  9 |
| 2  7  1 11 |
With Score : 0.958614
----------------------------------------
