CURRENT GAME STATE


|14 13  4 11 |
|15  8  6  9 |
| 0  7  3  1 |
| 2 10 12  5 |

CURRENT SCORE: 0.332964

NEIGHBOUR 0


 NO STATE 

SCORE OF NEIGHBOUR 0: -1

NEIGHBOUR 1


|14 13  4 11 |
|15  8  6  9 |
| 7  0  3  1 |
| 2 10 12  5 |

SCORE OF NEIGHBOUR 1: 0.470777

NEIGHBOUR 2


|14 13  4 11 |
| 0  8  6  9 |
|15  7  3  1 |
| 2 10 12  5 |

SCORE OF NEIGHBOUR 2: 0.299066

NEIGHBOUR 3


|14 13  4 11 |
|15  8  6  9 |
| 2  7  3  1 |
| 0 10 12  5 |

SCORE OF NEIGHBOUR 3: 0.6185

NEIGBOUR 3 CHOSEN

--------------------------------------------
CURRENT GAME STATE


|14 13  4 11 |
|15  8  6  9 |
| 2  7  3  1 |
| 0 10 12  5 |

CURRENT SCORE: 0.6185

NEIGHBOUR 0


 NO STATE 

SCORE OF NEIGHBOUR 0: -1

NEIGHBOUR 1


|14 13  4 11 |
|15  8  6  9 |
| 2  7  3  1 |
|10  0 12  5 |

SCORE OF NEIGHBOUR 1: 1.17569

NEIGHBOUR 2


|14 13  4 11 |
|15  8  6  9 |
| 0  7  3  1 |
| 2 10 12  5 |

SCORE OF NEIGHBOUR 2: 0.348227

NEIGHBOUR 3


 NO STATE 

SCORE OF NEIGHBOUR 3: -1

NEIGBOUR 1 CHOSEN

--------------------------------------------
CURRENT GAME STATE


|14 13  4 11 |
|15  8  6  9 |
| 2  7  3  1 |
|10  0 12  5 |

CURRENT SCORE: 1.17569

NEIGHBOUR 0


|14 13  4 11 |
|15  8  6  9 |
| 2  7  3  1 |
| 0 10 12  5 |

SCORE OF NEIGHBOUR 0: 0.635465

NEIGHBOUR 1


|14 13  4 11 |
|15  8  6  9 |
| 2  7  3  1 |
|10 12  0  5 |

SCORE OF NEIGHBOUR 1: 2.752

NEIGHBOUR 2


|14 13  4 11 |
|15  8  6  9 |
| 2  0  3  1 |
|10  7 12  5 |

SCORE OF NEIGHBOUR 2: 0.65462

NEIGHBOUR 3


 NO STATE 

SCORE OF NEIGHBOUR 3: -1

NEIGBOUR 1 CHOSEN

--------------------------------------------
CURRENT GAME STATE


|14 13  4 11 |
|15  8  6  9 |
| 2  7  3  1 |
|10 12  0  5 |

CURRENT SCORE: 2.752

NEIGHBOUR 0


|14 13  4 11 |
|15  8  6  9 |
| 2  7  3  1 |
|10  0 12  5 |

SCORE OF NEIGHBOUR 0: 1.08099

NEIGHBOUR 1


|14 13  4 11 |
|15  8  6  9 |
| 2  7  3  1 |
|10 12  5  0 |

SCORE OF NEIGHBOUR 1: 3.65487

NEIGHBOUR 2


|14 13  4 11 |
|15  8  6  9 |
| 2  7  0  1 |
|10 12  3  5 |

SCORE OF NEIGHBOUR 2: 6.51468

NEIGHBOUR 3


 NO STATE 

SCORE OF NEIGHBOUR 3: -1

NEIGBOUR 2 CHOSEN

--------------------------------------------
CURRENT GAME STATE


|14 13  4 11 |
|15  8  6  9 |
| 2  7  0  1 |
|10 12  3  5 |

CURRENT SCORE: 6.51468

NEIGHBOUR 0


|14 13  4 11 |
|15  8  6  9 |
| 2  0  7  1 |
|10 12  3  5 |

SCORE OF NEIGHBOUR 0: 4.32144

NEIGHBOUR 1


|14 13  4 11 |
|15  8  6  9 |
| 2  7  1  0 |
|10 12  3  5 |

SCORE OF NEIGHBOUR 1: 2.48315

NEIGHBOUR 2


|14 13  4 11 |
|15  8  0  9 |
| 2  7  6  1 |
|10 12  3  5 |

SCORE OF NEIGHBOUR 2: 10.621

NEIGHBOUR 3


|14 13  4 11 |
|15  8  6  9 |
| 2  7  3  1 |
|10 12  0  5 |

SCORE OF NEIGHBOUR 3: 2.71638

NEIGBOUR 2 CHOSEN

--------------------------------------------
CURRENT GAME STATE


|14 13  4 11 |
|15  8  0  9 |
| 2  7  6  1 |
|10 12  3  5 |

CURRENT SCORE: 10.621

NEIGHBOUR 0


|14 13  4 11 |
|15  0  8  9 |
| 2  7  6  1 |
|10 12  3  5 |

SCORE OF NEIGHBOUR 0: 22.9324

NEIGHBOUR 1


|14 13  4 11 |
|15  8  9  0 |
| 2  7  6  1 |
|10 12  3  5 |

SCORE OF NEIGHBOUR 1: 3.41382

NEIGHBOUR 2


|14 13  0 11 |
|15  8  4  9 |
| 2  7  6  1 |
|10 12  3  5 |

SCORE OF NEIGHBOUR 2: 11.9129

NEIGHBOUR 3


|14 13  4 11 |
|15  8  6  9 |
| 2  7  0  1 |
|10 12  3  5 |

SCORE OF NEIGHBOUR 3: 6.25377

NEIGBOUR 0 CHOSEN

--------------------------------------------
CURRENT GAME STATE


|14 13  4 11 |
|15  0  8  9 |
| 2  7  6  1 |
|10 12  3  5 |

CURRENT SCORE: 22.9324

NEIGHBOUR 0


|14 13  4 11 |
| 0 15  8  9 |
| 2  7  6  1 |
|10 12  3  5 |

SCORE OF NEIGHBOUR 0: 8.24474

NEIGHBOUR 1


|14 13  4 11 |
|15  8  0  9 |
| 2  7  6  1 |
|10 12  3  5 |

SCORE OF NEIGHBOUR 1: 9.91962

NEIGHBOUR 2


|14  0  4 11 |
|15 13  8  9 |
| 2  7  6  1 |
|10 12  3  5 |

SCORE OF NEIGHBOUR 2: 7.00665

NEIGHBOUR 3


|14 13  4 11 |
|15  7  8  9 |
| 2  0  6  1 |
|10 12  3  5 |

SCORE OF NEIGHBOUR 3: 22.0764

----------------------------------------
FOUND LOCAL MAXIMUM

|14 13  4 11 |
|15  0  8  9 |
| 2  7  6  1 |
|10 12  3  5 |
With Score : 22.9324
----------------------------------------
