CURRENT GAME STATE


| 0  1  9  7 |
|11 13  5  3 |
|14 12  4  2 |
| 8  6 10 15 |

CURRENT SCORE: 0.0298005

NEIGHBOUR 0


 NO STATE 

SCORE OF NEIGHBOUR 0: -1

NEIGHBOUR 1


| 1  0  9  7 |
|11 13  5  3 |
|14 12  4  2 |
| 8  6 10 15 |

SCORE OF NEIGHBOUR 1: 0.0243488

NEIGHBOUR 2


 NO STATE 

SCORE OF NEIGHBOUR 2: -1

NEIGHBOUR 3


|11  1  9  7 |
| 0 13  5  3 |
|14 12  4  2 |
| 8  6 10 15 |

SCORE OF NEIGHBOUR 3: 0.0503389

NEIGBOUR 3 CHOSEN

--------------------------------------------
CURRENT GAME STATE


|11  1  9  7 |
| 0 13  5  3 |
|14 12  4  2 |
| 8  6 10 15 |

CURRENT SCORE: 0.0503389

NEIGHBOUR 0


 NO STATE 

SCORE OF NEIGHBOUR 0: -1

NEIGHBOUR 1


|11  1  9  7 |
|13  0  5  3 |
|14 12  4  2 |
| 8  6 10 15 |

SCORE OF NEIGHBOUR 1: 0.113907

NEIGHBOUR 2


| 0  1  9  7 |
|11 13  5  3 |
|14 12  4  2 |
| 8  6 10 15 |

SCORE OF NEIGHBOUR 2: 0.0269291

NEIGHBOUR 3


|11  1  9  7 |
|14 13  5  3 |
| 0 12  4  2 |
| 8  6 10 15 |

SCORE OF NEIGHBOUR 3: 0.0687168

NEIGBOUR 1 CHOSEN

--------------------------------------------
CURRENT GAME STATE


|11  1  9  7 |
|13  0  5  3 |
|14 12  4  2 |
| 8  6 10 15 |

CURRENT SCORE: 0.113907

NEIGHBOUR 0


|11  1  9  7 |
| 0 13  5  3 |
|14 12  4  2 |
| 8  6 10 15 |

SCORE OF NEIGHBOUR 0: 0.0506959

NEIGHBOUR 1


|11  1  9  7 |
|13  5  0  3 |
|14 12  4  2 |
| 8  6 10 15 |

SCORE OF NEIGHBOUR 1: 0.252941

NEIGHBOUR 2


|11  0  9  7 |
|13  1  5  3 |
|14 12  4  2 |
| 8  6 10 15 |

SCORE OF NEIGHBOUR 2: 0.144535

NEIGHBOUR 3


|11  1  9  7 |
|13 12  5  3 |
|14  0  4  2 |
| 8  6 10 15 |

SCORE OF NEIGHBOUR 3: 0.205202

NEIGBOUR 1 CHOSEN

--------------------------------------------
CURRENT GAME STATE


|11  1  9  7 |
|13  5  0  3 |
|14 12  4  2 |
| 8  6 10 15 |

CURRENT SCORE: 0.252941

NEIGHBOUR 0


|11  1  9  7 |
|13  0  5  3 |
|14 12  4  2 |
| 8  6 10 15 |

SCORE OF NEIGHBOUR 0: 0.115558

NEIGHBOUR 1


|11  1  9  7 |
|13  5  3  0 |
|14 12  4  2 |
| 8  6 10 15 |

SCORE OF NEIGHBOUR 1: 0.364061

NEIGHBOUR 2


|11  1  0  7 |
|13  5  9  3 |
|14 12  4  2 |
| 8  6 10 15 |

SCORE OF NEIGHBOUR 2: 0.408019

NEIGHBOUR 3


|11  1  9  7 |
|13  5  4  3 |
|14 12  0  2 |
| 8  6 10 15 |

SCORE OF NEIGHBOUR 3: 0.543766

NEIGBOUR 3 CHOSEN

--------------------------------------------
CURRENT GAME STATE


|11  1  9  7 |
|13  5  4  3 |
|14 12  0  2 |
| 8  6 10 15 |

CURRENT SCORE: 0.543766

NEIGHBOUR 0


|11  1  9  7 |
|13  5  4  3 |
|14  0 12  2 |
| 8  6 10 15 |

SCORE OF NEIGHBOUR 0: 0.289261

NEIGHBOUR 1


|11  1  9  7 |
|13  5  4  3 |
|14 12  2  0 |
| 8  6 10 15 |

SCORE OF NEIGHBOUR 1: 0.7119

NEIGHBOUR 2


|11  1  9  7 |
|13  5  0  3 |
|14 12  4  2 |
| 8  6 10 15 |

SCORE OF NEIGHBOUR 2: 0.256443

NEIGHBOUR 3


|11  1  9  7 |
|13  5  4  3 |
|14 12 10  2 |
| 8  6  0 15 |

SCORE OF NEIGHBOUR 3: 0.381863

NEIGBOUR 1 CHOSEN

--------------------------------------------
CURRENT GAME STATE


|11  1  9  7 |
|13  5  4  3 |
|14 12  2  0 |
| 8  6 10 15 |

CURRENT SCORE: 0.7119

NEIGHBOUR 0


|11  1  9  7 |
|13  5  4  3 |
|14 12  0  2 |
| 8  6 10 15 |

SCORE OF NEIGHBOUR 0: 0.551989

NEIGHBOUR 1


 NO STATE 

SCORE OF NEIGHBOUR 1: -1

NEIGHBOUR 2


|11  1  9  7 |
|13  5  4  0 |
|14 12  2  3 |
| 8  6 10 15 |

SCORE OF NEIGHBOUR 2: 1.19987

NEIGHBOUR 3


|11  1  9  7 |
|13  5  4  3 |
|14 12  2 15 |
| 8  6 10  0 |

SCORE OF NEIGHBOUR 3: 0.247608

NEIGBOUR 2 CHOSEN

--------------------------------------------
CURRENT GAME STATE


|11  1  9  7 |
|13  5  4  0 |
|14 12  2  3 |
| 8  6 10 15 |

CURRENT SCORE: 1.19987

NEIGHBOUR 0


|11  1  9  7 |
|13  5  0  4 |
|14 12  2  3 |
| 8  6 10 15 |

SCORE OF NEIGHBOUR 0: 0.646551

NEIGHBOUR 1


 NO STATE 

SCORE OF NEIGHBOUR 1: -1

NEIGHBOUR 2


|11  1  9  0 |
|13  5  4  7 |
|14 12  2  3 |
| 8  6 10 15 |

SCORE OF NEIGHBOUR 2: 1.8039

NEIGHBOUR 3


|11  1  9  7 |
|13  5  4  3 |
|14 12  2  0 |
| 8  6 10 15 |

SCORE OF NEIGHBOUR 3: 0.732182

NEIGBOUR 2 CHOSEN

--------------------------------------------
CURRENT GAME STATE


|11  1  9  0 |
|13  5  4  7 |
|14 12  2  3 |
| 8  6 10 15 |

CURRENT SCORE: 1.8039

NEIGHBOUR 0


|11  1  0  9 |
|13  5  4  7 |
|14 12  2  3 |
| 8  6 10 15 |

SCORE OF NEIGHBOUR 0: 1.09137

NEIGHBOUR 1


 NO STATE 

SCORE OF NEIGHBOUR 1: -1

NEIGHBOUR 2


 NO STATE 

SCORE OF NEIGHBOUR 2: -1

NEIGHBOUR 3


|11  1  9  7 |
|13  5  4  0 |
|14 12  2  3 |
| 8  6 10 15 |

SCORE OF NEIGHBOUR 3: 1.18267

----------------------------------------
FOUND LOCAL MAXIMUM

|11  1  9  0 |
|13  5  4  7 |
|14 12  2  3 |
| 8  6 10 15 |
With Score : 1.8039
----------------------------------------
