CURRENT GAME STATE


|14  9 12 13 |
|15  4  8 10 |
| 0  2  1  7 |
| 3 11  5  6 |

CURRENT SCORE: 9.48681

NEIGHBOUR 0


 NO STATE 

SCORE OF NEIGHBOUR 0: -1

NEIGHBOUR 1


|14  9 12 13 |
|15  4  8 10 |
| 2  0  1  7 |
| 3 11  5  6 |

SCORE OF NEIGHBOUR 1: 13.5011

NEIGHBOUR 2


|14  9 12 13 |
| 0  4  8 10 |
|15  2  1  7 |
| 3 11  5  6 |

SCORE OF NEIGHBOUR 2: 6.86991

NEIGHBOUR 3


|14  9 12 13 |
|15  4  8 10 |
| 3  2  1  7 |
| 0 11  5  6 |

SCORE OF NEIGHBOUR 3: 1.91517

NEIGBOUR 1 CHOSEN

--------------------------------------------
CURRENT GAME STATE


|14  9 12 13 |
|15  4  8 10 |
| 2  0  1  7 |
| 3 11  5  6 |

CURRENT SCORE: 13.5011

NEIGHBOUR 0


|14  9 12 13 |
|15  4  8 10 |
| 0  2  1  7 |
| 3 11  5  6 |

SCORE OF NEIGHBOUR 0: 8.31605

NEIGHBOUR 1


|14  9 12 13 |
|15  4  8 10 |
| 2  1  0  7 |
| 3 11  5  6 |

SCORE OF NEIGHBOUR 1: 31.6049

NEIGHBOUR 2


|14  9 12 13 |
|15  0  8 10 |
| 2  4  1  7 |
| 3 11  5  6 |

SCORE OF NEIGHBOUR 2: 24.2735

NEIGHBOUR 3


|14  9 12 13 |
|15  4  8 10 |
| 2 11  1  7 |
| 3  0  5  6 |

SCORE OF NEIGHBOUR 3: 17.7394

NEIGBOUR 1 CHOSEN

--------------------------------------------
CURRENT GAME STATE


|14  9 12 13 |
|15  4  8 10 |
| 2  1  0  7 |
| 3 11  5  6 |

CURRENT SCORE: 31.6049

NEIGHBOUR 0


|14  9 12 13 |
|15  4  8 10 |
| 2  0  1  7 |
| 3 11  5  6 |

SCORE OF NEIGHBOUR 0: 12.8309

NEIGHBOUR 1


|14  9 12 13 |
|15  4  8 10 |
| 2  1  7  0 |
| 3 11  5  6 |

SCORE OF NEIGHBOUR 1: 42.3599

NEIGHBOUR 2


|14  9 12 13 |
|15  4  0 10 |
| 2  1  8  7 |
| 3 11  5  6 |

SCORE OF NEIGHBOUR 2: 17.4872

NEIGHBOUR 3


|14  9 12 13 |
|15  4  8 10 |
| 2  1  5  7 |
| 3 11  0  6 |

SCORE OF NEIGHBOUR 3: 10.3001

NEIGBOUR 1 CHOSEN

--------------------------------------------
CURRENT GAME STATE


|14  9 12 13 |
|15  4  8 10 |
| 2  1  7  0 |
| 3 11  5  6 |

CURRENT SCORE: 42.3599

NEIGHBOUR 0


|14  9 12 13 |
|15  4  8 10 |
| 2  1  0  7 |
| 3 11  5  6 |

SCORE OF NEIGHBOUR 0: 29.605

NEIGHBOUR 1


 NO STATE 

SCORE OF NEIGHBOUR 1: -1

NEIGHBOUR 2


|14  9 12 13 |
|15  4  8  0 |
| 2  1  7 10 |
| 3 11  5  6 |

SCORE OF NEIGHBOUR 2: 18.969

NEIGHBOUR 3


|14  9 12 13 |
|15  4  8 10 |
| 2  1  7  6 |
| 3 11  5  0 |

SCORE OF NEIGHBOUR 3: 8.57268

----------------------------------------
FOUND LOCAL MAXIMUM

|14  9 12 13 |
|15  4  8 10 |
| 2  1  7  0 |
| 3 11  5  6 |
With Score : 42.3599
----------------------------------------
