CURRENT GAME STATE


|12 11 15  3 |
| 8  0  4  2 |
| 6 13  9  5 |
|14  1 10  7 |

CURRENT SCORE: 0.102282

NEIGHBOUR 0


|12 11 15  3 |
| 0  8  4  2 |
| 6 13  9  5 |
|14  1 10  7 |

SCORE OF NEIGHBOUR 0: 0.202994

NEIGHBOUR 1


|12 11 15  3 |
| 8  4  0  2 |
| 6 13  9  5 |
|14  1 10  7 |

SCORE OF NEIGHBOUR 1: 0.0589438

NEIGHBOUR 2


|12  0 15  3 |
| 8 11  4  2 |
| 6 13  9  5 |
|14  1 10  7 |

SCORE OF NEIGHBOUR 2: 0.216185

NEIGHBOUR 3


|12 11 15  3 |
| 8 13  4  2 |
| 6  0  9  5 |
|14  1 10  7 |

SCORE OF NEIGHBOUR 3: 0.143249

NEIGBOUR 2 CHOSEN

--------------------------------------------
CURRENT GAME STATE


|12  0 15  3 |
| 8 11  4  2 |
| 6 13  9  5 |
|14  1 10  7 |

CURRENT SCORE: 0.216185

NEIGHBOUR 0


| 0 12 15  3 |
| 8 11  4  2 |
| 6 13  9  5 |
|14  1 10  7 |

SCORE OF NEIGHBOUR 0: 0.511174

NEIGHBOUR 1


|12 15  0  3 |
| 8 11  4  2 |
| 6 13  9  5 |
|14  1 10  7 |

SCORE OF NEIGHBOUR 1: 0.101418

NEIGHBOUR 2


 NO STATE 

SCORE OF NEIGHBOUR 2: -1

NEIGHBOUR 3


|12 11 15  3 |
| 8  0  4  2 |
| 6 13  9  5 |
|14  1 10  7 |

SCORE OF NEIGHBOUR 3: 0.0958991

NEIGBOUR 0 CHOSEN

--------------------------------------------
CURRENT GAME STATE


| 0 12 15  3 |
| 8 11  4  2 |
| 6 13  9  5 |
|14  1 10  7 |

CURRENT SCORE: 0.511174

NEIGHBOUR 0


 NO STATE 

SCORE OF NEIGHBOUR 0: -1

NEIGHBOUR 1


|12  0 15  3 |
| 8 11  4  2 |
| 6 13  9  5 |
|14  1 10  7 |

SCORE OF NEIGHBOUR 1: 0.215981

NEIGHBOUR 2


 NO STATE 

SCORE OF NEIGHBOUR 2: -1

NEIGHBOUR 3


| 8 12 15  3 |
| 0 11  4  2 |
| 6 13  9  5 |
|14  1 10  7 |

SCORE OF NEIGHBOUR 3: 0.386909

----------------------------------------
FOUND LOCAL MAXIMUM

| 0 12 15  3 |
| 8 11  4  2 |
| 6 13  9  5 |
|14  1 10  7 |
With Score : 0.511174
----------------------------------------
