CURRENT GAME STATE


| 5  9 13 14 |
| 6  3  7 12 |
|10  8  4  0 |
|15  2 11  1 |

CURRENT SCORE: 3.51385

NEIGHBOUR 0


| 5  9 13 14 |
| 6  3  7 12 |
|10  8  0  4 |
|15  2 11  1 |

SCORE OF NEIGHBOUR 0: 4.91532

NEIGHBOUR 1


 NO STATE 

SCORE OF NEIGHBOUR 1: -1

NEIGHBOUR 2


| 5  9 13 14 |
| 6  3  7  0 |
|10  8  4 12 |
|15  2 11  1 |

SCORE OF NEIGHBOUR 2: 11.6804

NEIGHBOUR 3


| 5  9 13 14 |
| 6  3  7 12 |
|10  8  4  1 |
|15  2 11  0 |

SCORE OF NEIGHBOUR 3: 1.47972

NEIGBOUR 2 CHOSEN

--------------------------------------------
CURRENT GAME STATE


| 5  9 13 14 |
| 6  3  7  0 |
|10  8  4 12 |
|15  2 11  1 |

CURRENT SCORE: 11.6804

NEIGHBOUR 0


| 5  9 13 14 |
| 6  3  0  7 |
|10  8  4 12 |
|15  2 11  1 |

SCORE OF NEIGHBOUR 0: 8.43627

NEIGHBOUR 1


 NO STATE 

SCORE OF NEIGHBOUR 1: -1

NEIGHBOUR 2


| 5  9 13  0 |
| 6  3  7 14 |
|10  8  4 12 |
|15  2 11  1 |

SCORE OF NEIGHBOUR 2: 4.63053

NEIGHBOUR 3


| 5  9 13 14 |
| 6  3  7 12 |
|10  8  4  0 |
|15  2 11  1 |

SCORE OF NEIGHBOUR 3: 3.43333

----------------------------------------
FOUND LOCAL MAXIMUM

| 5  9 13 14 |
| 6  3  7  0 |
|10  8  4 12 |
|15  2 11  1 |
With Score : 11.6804
----------------------------------------
