CURRENT GAME STATE


| 3 14  9  7 |
|12 15  0  4 |
| 1  8  5  6 |
|11 10  2 13 |

CURRENT SCORE: 0.409084

NEIGHBOUR 0


| 3 14  9  7 |
|12  0 15  4 |
| 1  8  5  6 |
|11 10  2 13 |

SCORE OF NEIGHBOUR 0: 0.235939

NEIGHBOUR 1


| 3 14  9  7 |
|12 15  4  0 |
| 1  8  5  6 |
|11 10  2 13 |

SCORE OF NEIGHBOUR 1: 0.639076

NEIGHBOUR 2


| 3 14  0  7 |
|12 15  9  4 |
| 1  8  5  6 |
|11 10  2 13 |

SCORE OF NEIGHBOUR 2: 0.501675

NEIGHBOUR 3


| 3 14  9  7 |
|12 15  5  4 |
| 1  8  0  6 |
|11 10  2 13 |

SCORE OF NEIGHBOUR 3: 0.927166

NEIGBOUR 3 CHOSEN

--------------------------------------------
CURRENT GAME STATE


| 3 14  9  7 |
|12 15  5  4 |
| 1  8  0  6 |
|11 10  2 13 |

CURRENT SCORE: 0.927166

NEIGHBOUR 0


| 3 14  9  7 |
|12 15  5  4 |
| 1  0  8  6 |
|11 10  2 13 |

SCORE OF NEIGHBOUR 0: 2.09576

NEIGHBOUR 1


| 3 14  9  7 |
|12 15  5  4 |
| 1  8  6  0 |
|11 10  2 13 |

SCORE OF NEIGHBOUR 1: 1.06487

NEIGHBOUR 2


| 3 14  9  7 |
|12 15  0  4 |
| 1  8  5  6 |
|11 10  2 13 |

SCORE OF NEIGHBOUR 2: 0.410245

NEIGHBOUR 3


| 3 14  9  7 |
|12 15  5  4 |
| 1  8  2  6 |
|11 10  0 13 |

SCORE OF NEIGHBOUR 3: 2.08665

NEIGBOUR 0 CHOSEN

--------------------------------------------
CURRENT GAME STATE


| 3 14  9  7 |
|12 15  5  4 |
| 1  0  8  6 |
|11 10  2 13 |

CURRENT SCORE: 2.09576

NEIGHBOUR 0


| 3 14  9  7 |
|12 15  5  4 |
| 0  1  8  6 |
|11 10  2 13 |

SCORE OF NEIGHBOUR 0: 3.0269

NEIGHBOUR 1


| 3 14  9  7 |
|12 15  5  4 |
| 1  8  0  6 |
|11 10  2 13 |

SCORE OF NEIGHBOUR 1: 0.916189

NEIGHBOUR 2


| 3 14  9  7 |
|12  0  5  4 |
| 1 15  8  6 |
|11 10  2 13 |

SCORE OF NEIGHBOUR 2: 1.25468

NEIGHBOUR 3


| 3 14  9  7 |
|12 15  5  4 |
| 1 10  8  6 |
|11  0  2 13 |

SCORE OF NEIGHBOUR 3: 2.61166

NEIGBOUR 0 CHOSEN

--------------------------------------------
CURRENT GAME STATE


| 3 14  9  7 |
|12 15  5  4 |
| 0  1  8  6 |
|11 10  2 13 |

CURRENT SCORE: 3.0269

NEIGHBOUR 0


 NO STATE 

SCORE OF NEIGHBOUR 0: -1

NEIGHBOUR 1


| 3 14  9  7 |
|12 15  5  4 |
| 1  0  8  6 |
|11 10  2 13 |

SCORE OF NEIGHBOUR 1: 1.97539

NEIGHBOUR 2


| 3 14  9  7 |
| 0 15  5  4 |
|12  1  8  6 |
|11 10  2 13 |

SCORE OF NEIGHBOUR 2: 1.55984

NEIGHBOUR 3


| 3 14  9  7 |
|12 15  5  4 |
|11  1  8  6 |
| 0 10  2 13 |

SCORE OF NEIGHBOUR 3: 0.803475

----------------------------------------
FOUND LOCAL MAXIMUM

| 3 14  9  7 |
|12 15  5  4 |
| 0  1  8  6 |
|11 10  2 13 |
With Score : 3.0269
----------------------------------------
