CURRENT GAME STATE


| 8  1  7 12 |
|11  0 10  5 |
| 9 15  6 13 |
|14  2  3  4 |

CURRENT SCORE: 9.72176

NEIGHBOUR 0


| 8  1  7 12 |
| 0 11 10  5 |
| 9 15  6 13 |
|14  2  3  4 |

SCORE OF NEIGHBOUR 0: 3.54764

NEIGHBOUR 1


| 8  1  7 12 |
|11 10  0  5 |
| 9 15  6 13 |
|14  2  3  4 |

SCORE OF NEIGHBOUR 1: 6.70248

NEIGHBOUR 2


| 8  0  7 12 |
|11  1 10  5 |
| 9 15  6 13 |
|14  2  3  4 |

SCORE OF NEIGHBOUR 2: 2.3647

NEIGHBOUR 3


| 8  1  7 12 |
|11 15 10  5 |
| 9  0  6 13 |
|14  2  3  4 |

SCORE OF NEIGHBOUR 3: 4.21511

----------------------------------------
FOUND LOCAL MAXIMUM

| 8  1  7 12 |
|11  0 10  5 |
| 9 15  6 13 |
|14  2  3  4 |
With Score : 9.72176
----------------------------------------
