CURRENT GAME STATE


|14 13 15  7 |
|11 12  9  5 |
| 6  0  2  1 |
| 4  8 10  3 |

CURRENT SCORE: 0.503528

NEIGHBOUR 0


|14 13 15  7 |
|11 12  9  5 |
| 0  6  2  1 |
| 4  8 10  3 |

SCORE OF NEIGHBOUR 0: 0.82955

NEIGHBOUR 1


|14 13 15  7 |
|11 12  9  5 |
| 6  2  0  1 |
| 4  8 10  3 |

SCORE OF NEIGHBOUR 1: 0.975373

NEIGHBOUR 2


|14 13 15  7 |
|11  0  9  5 |
| 6 12  2  1 |
| 4  8 10  3 |

SCORE OF NEIGHBOUR 2: 0.414968

NEIGHBOUR 3


|14 13 15  7 |
|11 12  9  5 |
| 6  8  2  1 |
| 4  0 10  3 |

SCORE OF NEIGHBOUR 3: 0.547715

NEIGBOUR 1 CHOSEN

--------------------------------------------
CURRENT GAME STATE


|14 13 15  7 |
|11 12  9  5 |
| 6  2  0  1 |
| 4  8 10  3 |

CURRENT SCORE: 0.975373

NEIGHBOUR 0


|14 13 15  7 |
|11 12  9  5 |
| 6  0  2  1 |
| 4  8 10  3 |

SCORE OF NEIGHBOUR 0: 0.520437

NEIGHBOUR 1


|14 13 15  7 |
|11 12  9  5 |
| 6  2  1  0 |
| 4  8 10  3 |

SCORE OF NEIGHBOUR 1: 1.59139

NEIGHBOUR 2


|14 13 15  7 |
|11 12  0  5 |
| 6  2  9  1 |
| 4  8 10  3 |

SCORE OF NEIGHBOUR 2: 2.95402

NEIGHBOUR 3


|14 13 15  7 |
|11 12  9  5 |
| 6  2 10  1 |
| 4  8  0  3 |

SCORE OF NEIGHBOUR 3: 1.02667

NEIGBOUR 2 CHOSEN

--------------------------------------------
CURRENT GAME STATE


|14 13 15  7 |
|11 12  0  5 |
| 6  2  9  1 |
| 4  8 10  3 |

CURRENT SCORE: 2.95402

NEIGHBOUR 0


|14 13 15  7 |
|11  0 12  5 |
| 6  2  9  1 |
| 4  8 10  3 |

SCORE OF NEIGHBOUR 0: 8.10504

NEIGHBOUR 1


|14 13 15  7 |
|11 12  5  0 |
| 6  2  9  1 |
| 4  8 10  3 |

SCORE OF NEIGHBOUR 1: 5.2343

NEIGHBOUR 2


|14 13  0  7 |
|11 12 15  5 |
| 6  2  9  1 |
| 4  8 10  3 |

SCORE OF NEIGHBOUR 2: 1.26133

NEIGHBOUR 3


|14 13 15  7 |
|11 12  9  5 |
| 6  2  0  1 |
| 4  8 10  3 |

SCORE OF NEIGHBOUR 3: 0.891044

NEIGBOUR 0 CHOSEN

--------------------------------------------
CURRENT GAME STATE


|14 13 15  7 |
|11  0 12  5 |
| 6  2  9  1 |
| 4  8 10  3 |

CURRENT SCORE: 8.10504

NEIGHBOUR 0


|14 13 15  7 |
| 0 11 12  5 |
| 6  2  9  1 |
| 4  8 10  3 |

SCORE OF NEIGHBOUR 0: 3.42083

NEIGHBOUR 1


|14 13 15  7 |
|11 12  0  5 |
| 6  2  9  1 |
| 4  8 10  3 |

SCORE OF NEIGHBOUR 1: 2.63518

NEIGHBOUR 2


|14  0 15  7 |
|11 13 12  5 |
| 6  2  9  1 |
| 4  8 10  3 |

SCORE OF NEIGHBOUR 2: 1.9287

NEIGHBOUR 3


|14 13 15  7 |
|11  2 12  5 |
| 6  0  9  1 |
| 4  8 10  3 |

SCORE OF NEIGHBOUR 3: 4.52606

----------------------------------------
FOUND LOCAL MAXIMUM

|14 13 15  7 |
|11  0 12  5 |
| 6  2  9  1 |
| 4  8 10  3 |
With Score : 8.10504
----------------------------------------
