CURRENT GAME STATE


| 5  7 11  8 |
| 0 14  9 13 |
|10 12  3 15 |
| 6  1  4  2 |

CURRENT SCORE: 0.130223

NEIGHBOUR 0


 NO STATE 

SCORE OF NEIGHBOUR 0: -1

NEIGHBOUR 1


| 5  7 11  8 |
|14  0  9 13 |
|10 12  3 15 |
| 6  1  4  2 |

SCORE OF NEIGHBOUR 1: 0.440077

NEIGHBOUR 2


| 0  7 11  8 |
| 5 14  9 13 |
|10 12  3 15 |
| 6  1  4  2 |

SCORE OF NEIGHBOUR 2: 0.125136

NEIGHBOUR 3


| 5  7 11  8 |
|10 14  9 13 |
| 0 12  3 15 |
| 6  1  4  2 |

SCORE OF NEIGHBOUR 3: 0.0879464

NEIGBOUR 1 CHOSEN

--------------------------------------------
CURRENT GAME STATE


| 5  7 11  8 |
|14  0  9 13 |
|10 12  3 15 |
| 6  1  4  2 |

CURRENT SCORE: 0.440077

NEIGHBOUR 0


| 5  7 11  8 |
| 0 14  9 13 |
|10 12  3 15 |
| 6  1  4  2 |

SCORE OF NEIGHBOUR 0: 0.121062

NEIGHBOUR 1


| 5  7 11  8 |
|14  9  0 13 |
|10 12  3 15 |
| 6  1  4  2 |

SCORE OF NEIGHBOUR 1: 0.319247

NEIGHBOUR 2


| 5  0 11  8 |
|14  7  9 13 |
|10 12  3 15 |
| 6  1  4  2 |

SCORE OF NEIGHBOUR 2: 0.508258

NEIGHBOUR 3


| 5  7 11  8 |
|14 12  9 13 |
|10  0  3 15 |
| 6  1  4  2 |

SCORE OF NEIGHBOUR 3: 1.10378

NEIGBOUR 3 CHOSEN

--------------------------------------------
CURRENT GAME STATE


| 5  7 11  8 |
|14 12  9 13 |
|10  0  3 15 |
| 6  1  4  2 |

CURRENT SCORE: 1.10378

NEIGHBOUR 0


| 5  7 11  8 |
|14 12  9 13 |
| 0 10  3 15 |
| 6  1  4  2 |

SCORE OF NEIGHBOUR 0: 0.49169

NEIGHBOUR 1


| 5  7 11  8 |
|14 12  9 13 |
|10  3  0 15 |
| 6  1  4  2 |

SCORE OF NEIGHBOUR 1: 1.70523

NEIGHBOUR 2


| 5  7 11  8 |
|14  0  9 13 |
|10 12  3 15 |
| 6  1  4  2 |

SCORE OF NEIGHBOUR 2: 0.433484

NEIGHBOUR 3


| 5  7 11  8 |
|14 12  9 13 |
|10  1  3 15 |
| 6  0  4  2 |

SCORE OF NEIGHBOUR 3: 0.586475

NEIGBOUR 1 CHOSEN

--------------------------------------------
CURRENT GAME STATE


| 5  7 11  8 |
|14 12  9 13 |
|10  3  0 15 |
| 6  1  4  2 |

CURRENT SCORE: 1.70523

NEIGHBOUR 0


| 5  7 11  8 |
|14 12  9 13 |
|10  0  3 15 |
| 6  1  4  2 |

SCORE OF NEIGHBOUR 0: 1.08948

NEIGHBOUR 1


| 5  7 11  8 |
|14 12  9 13 |
|10  3 15  0 |
| 6  1  4  2 |

SCORE OF NEIGHBOUR 1: 0.422301

NEIGHBOUR 2


| 5  7 11  8 |
|14 12  0 13 |
|10  3  9 15 |
| 6  1  4  2 |

SCORE OF NEIGHBOUR 2: 0.70182

NEIGHBOUR 3


| 5  7 11  8 |
|14 12  9 13 |
|10  3  4 15 |
| 6  1  0  2 |

SCORE OF NEIGHBOUR 3: 0.762524

----------------------------------------
FOUND LOCAL MAXIMUM

| 5  7 11  8 |
|14 12  9 13 |
|10  3  0 15 |
| 6  1  4  2 |
With Score : 1.70523
----------------------------------------
