CURRENT GAME STATE


| 9  5 11 10 |
|13  0  2  1 |
| 8  6 14 12 |
| 4  7  3 15 |

CURRENT SCORE: 0.088482

NEIGHBOUR 0


| 9  5 11 10 |
| 0 13  2  1 |
| 8  6 14 12 |
| 4  7  3 15 |

SCORE OF NEIGHBOUR 0: 0.131775

NEIGHBOUR 1


| 9  5 11 10 |
|13  2  0  1 |
| 8  6 14 12 |
| 4  7  3 15 |

SCORE OF NEIGHBOUR 1: 0.03334

NEIGHBOUR 2


| 9  0 11 10 |
|13  5  2  1 |
| 8  6 14 12 |
| 4  7  3 15 |

SCORE OF NEIGHBOUR 2: 0.0221071

NEIGHBOUR 3


| 9  5 11 10 |
|13  6  2  1 |
| 8  0 14 12 |
| 4  7  3 15 |

SCORE OF NEIGHBOUR 3: 0.0562288

NEIGBOUR 0 CHOSEN

--------------------------------------------
CURRENT GAME STATE


| 9  5 11 10 |
| 0 13  2  1 |
| 8  6 14 12 |
| 4  7  3 15 |

CURRENT SCORE: 0.131775

NEIGHBOUR 0


 NO STATE 

SCORE OF NEIGHBOUR 0: -1

NEIGHBOUR 1


| 9  5 11 10 |
|13  0  2  1 |
| 8  6 14 12 |
| 4  7  3 15 |

SCORE OF NEIGHBOUR 1: 0.0837531

NEIGHBOUR 2


| 0  5 11 10 |
| 9 13  2  1 |
| 8  6 14 12 |
| 4  7  3 15 |

SCORE OF NEIGHBOUR 2: 0.276443

NEIGHBOUR 3


| 9  5 11 10 |
| 8 13  2  1 |
| 0  6 14 12 |
| 4  7  3 15 |

SCORE OF NEIGHBOUR 3: 0.0315495

NEIGBOUR 2 CHOSEN

--------------------------------------------
CURRENT GAME STATE


| 0  5 11 10 |
| 9 13  2  1 |
| 8  6 14 12 |
| 4  7  3 15 |

CURRENT SCORE: 0.276443

NEIGHBOUR 0


 NO STATE 

SCORE OF NEIGHBOUR 0: -1

NEIGHBOUR 1


| 5  0 11 10 |
| 9 13  2  1 |
| 8  6 14 12 |
| 4  7  3 15 |

SCORE OF NEIGHBOUR 1: 0.176251

NEIGHBOUR 2


 NO STATE 

SCORE OF NEIGHBOUR 2: -1

NEIGHBOUR 3


| 9  5 11 10 |
| 0 13  2  1 |
| 8  6 14 12 |
| 4  7  3 15 |

SCORE OF NEIGHBOUR 3: 0.125556

----------------------------------------
FOUND LOCAL MAXIMUM

| 0  5 11 10 |
| 9 13  2  1 |
| 8  6 14 12 |
| 4  7  3 15 |
With Score : 0.276443
----------------------------------------
