CURRENT GAME STATE


|11  5  1 14 |
| 4 12 10  0 |
| 2  7 13  3 |
| 9 15  6  8 |

CURRENT SCORE: 2.89769

NEIGHBOUR 0


|11  5  1 14 |
| 4 12  0 10 |
| 2  7 13  3 |
| 9 15  6  8 |

SCORE OF NEIGHBOUR 0: 1.53949

NEIGHBOUR 1


 NO STATE 

SCORE OF NEIGHBOUR 1: -1

NEIGHBOUR 2


|11  5  1  0 |
| 4 12 10 14 |
| 2  7 13  3 |
| 9 15  6  8 |

SCORE OF NEIGHBOUR 2: 1.23845

NEIGHBOUR 3


|11  5  1 14 |
| 4 12 10  3 |
| 2  7 13  0 |
| 9 15  6  8 |

SCORE OF NEIGHBOUR 3: 1.59893

----------------------------------------
FOUND LOCAL MAXIMUM

|11  5  1 14 |
| 4 12 10  0 |
| 2  7 13  3 |
| 9 15  6  8 |
With Score : 2.89769
----------------------------------------
