CURRENT GAME STATE


| 6  0  5 15 |
| 1 14  4  9 |
| 2 13  8 10 |
|11 12  7  3 |

CURRENT SCORE: 1.26482

NEIGHBOUR 0


| 0  6  5 15 |
| 1 14  4  9 |
| 2 13  8 10 |
|11 12  7  3 |

SCORE OF NEIGHBOUR 0: 0.777137

NEIGHBOUR 1


| 6  5  0 15 |
| 1 14  4  9 |
| 2 13  8 10 |
|11 12  7  3 |

SCORE OF NEIGHBOUR 1: 2.51996

NEIGHBOUR 2


 NO STATE 

SCORE OF NEIGHBOUR 2: -1

NEIGHBOUR 3


| 6 14  5 15 |
| 1  0  4  9 |
| 2 13  8 10 |
|11 12  7  3 |

SCORE OF NEIGHBOUR 3: 2.25245

NEIGBOUR 1 CHOSEN

--------------------------------------------
CURRENT GAME STATE


| 6  5  0 15 |
| 1 14  4  9 |
| 2 13  8 10 |
|11 12  7  3 |

CURRENT SCORE: 2.51996

NEIGHBOUR 0


| 6  0  5 15 |
| 1 14  4  9 |
| 2 13  8 10 |
|11 12  7  3 |

SCORE OF NEIGHBOUR 0: 1.26143

NEIGHBOUR 1


| 6  5 15  0 |
| 1 14  4  9 |
| 2 13  8 10 |
|11 12  7  3 |

SCORE OF NEIGHBOUR 1: 3.78692

NEIGHBOUR 2


 NO STATE 

SCORE OF NEIGHBOUR 2: -1

NEIGHBOUR 3


| 6  5  4 15 |
| 1 14  0  9 |
| 2 13  8 10 |
|11 12  7  3 |

SCORE OF NEIGHBOUR 3: 7.03246

NEIGBOUR 3 CHOSEN

--------------------------------------------
CURRENT GAME STATE


| 6  5  4 15 |
| 1 14  0  9 |
| 2 13  8 10 |
|11 12  7  3 |

CURRENT SCORE: 7.03246

NEIGHBOUR 0


| 6  5  4 15 |
| 1  0 14  9 |
| 2 13  8 10 |
|11 12  7  3 |

SCORE OF NEIGHBOUR 0: 3.7131

NEIGHBOUR 1


| 6  5  4 15 |
| 1 14  9  0 |
| 2 13  8 10 |
|11 12  7  3 |

SCORE OF NEIGHBOUR 1: 3.03909

NEIGHBOUR 2


| 6  5  0 15 |
| 1 14  4  9 |
| 2 13  8 10 |
|11 12  7  3 |

SCORE OF NEIGHBOUR 2: 2.57859

NEIGHBOUR 3


| 6  5  4 15 |
| 1 14  8  9 |
| 2 13  0 10 |
|11 12  7  3 |

SCORE OF NEIGHBOUR 3: 3.30864

----------------------------------------
FOUND LOCAL MAXIMUM

| 6  5  4 15 |
| 1 14  0  9 |
| 2 13  8 10 |
|11 12  7  3 |
With Score : 7.03246
----------------------------------------
