CURRENT GAME STATE


|12  5 13 11 |
| 2 10  0  9 |
| 7  8  4  3 |
|14  6 15  1 |

CURRENT SCORE: 0.152979

NEIGHBOUR 0


|12  5 13 11 |
| 2  0 10  9 |
| 7  8  4  3 |
|14  6 15  1 |

SCORE OF NEIGHBOUR 0: 0.224789

NEIGHBOUR 1


|12  5 13 11 |
| 2 10  9  0 |
| 7  8  4  3 |
|14  6 15  1 |

SCORE OF NEIGHBOUR 1: 0.243359

NEIGHBOUR 2


|12  5  0 11 |
| 2 10 13  9 |
| 7  8  4  3 |
|14  6 15  1 |

SCORE OF NEIGHBOUR 2: 0.163405

NEIGHBOUR 3


|12  5 13 11 |
| 2 10  4  9 |
| 7  8  0  3 |
|14  6 15  1 |

SCORE OF NEIGHBOUR 3: 0.0797632

NEIGBOUR 1 CHOSEN

--------------------------------------------
CURRENT GAME STATE


|12  5 13 11 |
| 2 10  9  0 |
| 7  8  4  3 |
|14  6 15  1 |

CURRENT SCORE: 0.243359

NEIGHBOUR 0


|12  5 13 11 |
| 2 10  0  9 |
| 7  8  4  3 |
|14  6 15  1 |

SCORE OF NEIGHBOUR 0: 0.14902

NEIGHBOUR 1


 NO STATE 

SCORE OF NEIGHBOUR 1: -1

NEIGHBOUR 2


|12  5 13  0 |
| 2 10  9 11 |
| 7  8  4  3 |
|14  6 15  1 |

SCORE OF NEIGHBOUR 2: 0.355888

NEIGHBOUR 3


|12  5 13 11 |
| 2 10  9  3 |
| 7  8  4  0 |
|14  6 15  1 |

SCORE OF NEIGHBOUR 3: 0.168196

NEIGBOUR 2 CHOSEN

--------------------------------------------
CURRENT GAME STATE


|12  5 13  0 |
| 2 10  9 11 |
| 7  8  4  3 |
|14  6 15  1 |

CURRENT SCORE: 0.355888

NEIGHBOUR 0


|12  5  0 13 |
| 2 10  9 11 |
| 7  8  4  3 |
|14  6 15  1 |

SCORE OF NEIGHBOUR 0: 0.145947

NEIGHBOUR 1


 NO STATE 

SCORE OF NEIGHBOUR 1: -1

NEIGHBOUR 2


 NO STATE 

SCORE OF NEIGHBOUR 2: -1

NEIGHBOUR 3


|12  5 13 11 |
| 2 10  9  0 |
| 7  8  4  3 |
|14  6 15  1 |

SCORE OF NEIGHBOUR 3: 0.247323

----------------------------------------
FOUND LOCAL MAXIMUM

|12  5 13  0 |
| 2 10  9 11 |
| 7  8  4  3 |
|14  6 15  1 |
With Score : 0.355888
----------------------------------------
