CURRENT GAME STATE


|14  9 12 13 |
|15  4  8 10 |
| 0  2  1  7 |
| 3 11  5  6 |

CURRENT SCORE: 8.99151

NEIGHBOUR 0


 NO STATE 

SCORE OF NEIGHBOUR 0: -1

NEIGHBOUR 1


|14  9 12 13 |
|15  4  8 10 |
| 2  0  1  7 |
| 3 11  5  6 |

SCORE OF NEIGHBOUR 1: 12.8744

NEIGHBOUR 2


|14  9 12 13 |
| 0  4  8 10 |
|15  2  1  7 |
| 3 11  5  6 |

SCORE OF NEIGHBOUR 2: 6.98854

NEIGHBOUR 3


|14  9 12 13 |
|15  4  8 10 |
| 3  2  1  7 |
| 0 11  5  6 |

SCORE OF NEIGHBOUR 3: 1.98427

NEIGBOUR 1 CHOSEN

--------------------------------------------
CURRENT GAME STATE


|14  9 12 13 |
|15  4  8 10 |
| 2  0  1  7 |
| 3 11  5  6 |

CURRENT SCORE: 12.8744

NEIGHBOUR 0


|14  9 12 13 |
|15  4  8 10 |
| 0  2  1  7 |
| 3 11  5  6 |

SCORE OF NEIGHBOUR 0: 8.21417

NEIGHBOUR 1


|14  9 12 13 |
|15  4  8 10 |
| 2  1  0  7 |
| 3 11  5  6 |

SCORE OF NEIGHBOUR 1: 30.6263

NEIGHBOUR 2


|14  9 12 13 |
|15  0  8 10 |
| 2  4  1  7 |
| 3 11  5  6 |

SCORE OF NEIGHBOUR 2: 23.2655

NEIGHBOUR 3


|14  9 12 13 |
|15  4  8 10 |
| 2 11  1  7 |
| 3  0  5  6 |

SCORE OF NEIGHBOUR 3: 16.9594

NEIGBOUR 1 CHOSEN

--------------------------------------------
CURRENT GAME STATE


|14  9 12 13 |
|15  4  8 10 |
| 2  1  0  7 |
| 3 11  5  6 |

CURRENT SCORE: 30.6263

NEIGHBOUR 0


|14  9 12 13 |
|15  4  8 10 |
| 2  0  1  7 |
| 3 11  5  6 |

SCORE OF NEIGHBOUR 0: 11.7703

NEIGHBOUR 1


|14  9 12 13 |
|15  4  8 10 |
| 2  1  7  0 |
| 3 11  5  6 |

SCORE OF NEIGHBOUR 1: 40.5055

NEIGHBOUR 2


|14  9 12 13 |
|15  4  0 10 |
| 2  1  8  7 |
| 3 11  5  6 |

SCORE OF NEIGHBOUR 2: 17.1464

NEIGHBOUR 3


|14  9 12 13 |
|15  4  8 10 |
| 2  1  5  7 |
| 3 11  0  6 |

SCORE OF NEIGHBOUR 3: 10.0835

NEIGBOUR 1 CHOSEN

--------------------------------------------
CURRENT GAME STATE


|14  9 12 13 |
|15  4  8 10 |
| 2  1  7  0 |
| 3 11  5  6 |

CURRENT SCORE: 40.5055

NEIGHBOUR 0


|14  9 12 13 |
|15  4  8 10 |
| 2  1  0  7 |
| 3 11  5  6 |

SCORE OF NEIGHBOUR 0: 29.1838

NEIGHBOUR 1


 NO STATE 

SCORE OF NEIGHBOUR 1: -1

NEIGHBOUR 2


|14  9 12 13 |
|15  4  8  0 |
| 2  1  7 10 |
| 3 11  5  6 |

SCORE OF NEIGHBOUR 2: 20.1951

NEIGHBOUR 3


|14  9 12 13 |
|15  4  8 10 |
| 2  1  7  6 |
| 3 11  5  0 |

SCORE OF NEIGHBOUR 3: 9.11068

----------------------------------------
FOUND LOCAL MAXIMUM

|14  9 12 13 |
|15  4  8 10 |
| 2  1  7  0 |
| 3 11  5  6 |
With Score : 40.5055
----------------------------------------
