CURRENT GAME STATE


|14  7  8  2 |
|13 11 10  4 |
| 9 12  5  0 |
| 3  6  1 15 |

CURRENT SCORE: 6.45131

NEIGHBOUR 0


|14  7  8  2 |
|13 11 10  4 |
| 9 12  0  5 |
| 3  6  1 15 |

SCORE OF NEIGHBOUR 0: 4.54009

NEIGHBOUR 1


 NO STATE 

SCORE OF NEIGHBOUR 1: -1

NEIGHBOUR 2


|14  7  8  2 |
|13 11 10  0 |
| 9 12  5  4 |
| 3  6  1 15 |

SCORE OF NEIGHBOUR 2: 2.74285

NEIGHBOUR 3


|14  7  8  2 |
|13 11 10  4 |
| 9 12  5 15 |
| 3  6  1  0 |

SCORE OF NEIGHBOUR 3: 7.10227

NEIGBOUR 3 CHOSEN

--------------------------------------------
CURRENT GAME STATE


|14  7  8  2 |
|13 11 10  4 |
| 9 12  5 15 |
| 3  6  1  0 |

CURRENT SCORE: 7.10227

NEIGHBOUR 0


|14  7  8  2 |
|13 11 10  4 |
| 9 12  5 15 |
| 3  6  0  1 |

SCORE OF NEIGHBOUR 0: 14.2751

NEIGHBOUR 1


 NO STATE 

SCORE OF NEIGHBOUR 1: -1

NEIGHBOUR 2


|14  7  8  2 |
|13 11 10  4 |
| 9 12  5  0 |
| 3  6  1 15 |

SCORE OF NEIGHBOUR 2: 6.38667

NEIGHBOUR 3


 NO STATE 

SCORE OF NEIGHBOUR 3: -1

NEIGBOUR 0 CHOSEN

--------------------------------------------
CURRENT GAME STATE


|14  7  8  2 |
|13 11 10  4 |
| 9 12  5 15 |
| 3  6  0  1 |

CURRENT SCORE: 14.2751

NEIGHBOUR 0


|14  7  8  2 |
|13 11 10  4 |
| 9 12  5 15 |
| 3  0  6  1 |

SCORE OF NEIGHBOUR 0: 8.55377

NEIGHBOUR 1


|14  7  8  2 |
|13 11 10  4 |
| 9 12  5 15 |
| 3  6  1  0 |

SCORE OF NEIGHBOUR 1: 7.05659

NEIGHBOUR 2


|14  7  8  2 |
|13 11 10  4 |
| 9 12  0 15 |
| 3  6  5  1 |

SCORE OF NEIGHBOUR 2: 4.18183

NEIGHBOUR 3


 NO STATE 

SCORE OF NEIGHBOUR 3: -1

----------------------------------------
FOUND LOCAL MAXIMUM

|14  7  8  2 |
|13 11 10  4 |
| 9 12  5 15 |
| 3  6  0  1 |
With Score : 14.2751
----------------------------------------
