CURRENT GAME STATE


|14  7  1  9 |
|12  3  6 15 |
| 8 11  2  5 |
|10  0  4 13 |

CURRENT SCORE: 0.639433

NEIGHBOUR 0


|14  7  1  9 |
|12  3  6 15 |
| 8 11  2  5 |
| 0 10  4 13 |

SCORE OF NEIGHBOUR 0: 1.1213

NEIGHBOUR 1


|14  7  1  9 |
|12  3  6 15 |
| 8 11  2  5 |
|10  4  0 13 |

SCORE OF NEIGHBOUR 1: 0.289488

NEIGHBOUR 2


|14  7  1  9 |
|12  3  6 15 |
| 8  0  2  5 |
|10 11  4 13 |

SCORE OF NEIGHBOUR 2: 1.92934

NEIGHBOUR 3


 NO STATE 

SCORE OF NEIGHBOUR 3: -1

NEIGBOUR 2 CHOSEN

--------------------------------------------
CURRENT GAME STATE


|14  7  1  9 |
|12  3  6 15 |
| 8  0  2  5 |
|10 11  4 13 |

CURRENT SCORE: 1.92934

NEIGHBOUR 0


|14  7  1  9 |
|12  3  6 15 |
| 0  8  2  5 |
|10 11  4 13 |

SCORE OF NEIGHBOUR 0: 0.644128

NEIGHBOUR 1


|14  7  1  9 |
|12  3  6 15 |
| 8  2  0  5 |
|10 11  4 13 |

SCORE OF NEIGHBOUR 1: 1.25715

NEIGHBOUR 2


|14  7  1  9 |
|12  0  6 15 |
| 8  3  2  5 |
|10 11  4 13 |

SCORE OF NEIGHBOUR 2: 0.807493

NEIGHBOUR 3


|14  7  1  9 |
|12  3  6 15 |
| 8 11  2  5 |
|10  0  4 13 |

SCORE OF NEIGHBOUR 3: 0.640798

----------------------------------------
FOUND LOCAL MAXIMUM

|14  7  1  9 |
|12  3  6 15 |
| 8  0  2  5 |
|10 11  4 13 |
With Score : 1.92934
----------------------------------------
