CURRENT GAME STATE


|14 13  4 11 |
|15  8  6  9 |
| 0  7  3  1 |
| 2 10 12  5 |

CURRENT SCORE: 0.407412

NEIGHBOUR 0


 NO STATE 

SCORE OF NEIGHBOUR 0: -1

NEIGHBOUR 1


|14 13  4 11 |
|15  8  6  9 |
| 7  0  3  1 |
| 2 10 12  5 |

SCORE OF NEIGHBOUR 1: 0.593017

NEIGHBOUR 2


|14 13  4 11 |
| 0  8  6  9 |
|15  7  3  1 |
| 2 10 12  5 |

SCORE OF NEIGHBOUR 2: 0.356612

NEIGHBOUR 3


|14 13  4 11 |
|15  8  6  9 |
| 2  7  3  1 |
| 0 10 12  5 |

SCORE OF NEIGHBOUR 3: 0.74996

NEIGBOUR 3 CHOSEN

--------------------------------------------
CURRENT GAME STATE


|14 13  4 11 |
|15  8  6  9 |
| 2  7  3  1 |
| 0 10 12  5 |

CURRENT SCORE: 0.74996

NEIGHBOUR 0


 NO STATE 

SCORE OF NEIGHBOUR 0: -1

NEIGHBOUR 1


|14 13  4 11 |
|15  8  6  9 |
| 2  7  3  1 |
|10  0 12  5 |

SCORE OF NEIGHBOUR 1: 1.41083

NEIGHBOUR 2


|14 13  4 11 |
|15  8  6  9 |
| 0  7  3  1 |
| 2 10 12  5 |

SCORE OF NEIGHBOUR 2: 0.414047

NEIGHBOUR 3


 NO STATE 

SCORE OF NEIGHBOUR 3: -1

NEIGBOUR 1 CHOSEN

--------------------------------------------
CURRENT GAME STATE


|14 13  4 11 |
|15  8  6  9 |
| 2  7  3  1 |
|10  0 12  5 |

CURRENT SCORE: 1.41083

NEIGHBOUR 0


|14 13  4 11 |
|15  8  6  9 |
| 2  7  3  1 |
| 0 10 12  5 |

SCORE OF NEIGHBOUR 0: 0.75485

NEIGHBOUR 1


|14 13  4 11 |
|15  8  6  9 |
| 2  7  3  1 |
|10 12  0  5 |

SCORE OF NEIGHBOUR 1: 3.34824

NEIGHBOUR 2


|14 13  4 11 |
|15  8  6  9 |
| 2  0  3  1 |
|10  7 12  5 |

SCORE OF NEIGHBOUR 2: 0.813806

NEIGHBOUR 3


 NO STATE 

SCORE OF NEIGHBOUR 3: -1

NEIGBOUR 1 CHOSEN

--------------------------------------------
CURRENT GAME STATE


|14 13  4 11 |
|15  8  6  9 |
| 2  7  3  1 |
|10 12  0  5 |

CURRENT SCORE: 3.34824

NEIGHBOUR 0


|14 13  4 11 |
|15  8  6  9 |
| 2  7  3  1 |
|10  0 12  5 |

SCORE OF NEIGHBOUR 0: 1.31769

NEIGHBOUR 1


|14 13  4 11 |
|15  8  6  9 |
| 2  7  3  1 |
|10 12  5  0 |

SCORE OF NEIGHBOUR 1: 4.4617

NEIGHBOUR 2


|14 13  4 11 |
|15  8  6  9 |
| 2  7  0  1 |
|10 12  3  5 |

SCORE OF NEIGHBOUR 2: 7.72802

NEIGHBOUR 3


 NO STATE 

SCORE OF NEIGHBOUR 3: -1

NEIGBOUR 2 CHOSEN

--------------------------------------------
CURRENT GAME STATE


|14 13  4 11 |
|15  8  6  9 |
| 2  7  0  1 |
|10 12  3  5 |

CURRENT SCORE: 7.72802

NEIGHBOUR 0


|14 13  4 11 |
|15  8  6  9 |
| 2  0  7  1 |
|10 12  3  5 |

SCORE OF NEIGHBOUR 0: 4.83

NEIGHBOUR 1


|14 13  4 11 |
|15  8  6  9 |
| 2  7  1  0 |
|10 12  3  5 |

SCORE OF NEIGHBOUR 1: 2.88973

NEIGHBOUR 2


|14 13  4 11 |
|15  8  0  9 |
| 2  7  6  1 |
|10 12  3  5 |

SCORE OF NEIGHBOUR 2: 11.4483

NEIGHBOUR 3


|14 13  4 11 |
|15  8  6  9 |
| 2  7  3  1 |
|10 12  0  5 |

SCORE OF NEIGHBOUR 3: 2.95007

NEIGBOUR 2 CHOSEN

--------------------------------------------
CURRENT GAME STATE


|14 13  4 11 |
|15  8  0  9 |
| 2  7  6  1 |
|10 12  3  5 |

CURRENT SCORE: 11.4483

NEIGHBOUR 0


|14 13  4 11 |
|15  0  8  9 |
| 2  7  6  1 |
|10 12  3  5 |

SCORE OF NEIGHBOUR 0: 25.316

NEIGHBOUR 1


|14 13  4 11 |
|15  8  9  0 |
| 2  7  6  1 |
|10 12  3  5 |

SCORE OF NEIGHBOUR 1: 4.06448

NEIGHBOUR 2


|14 13  0 11 |
|15  8  4  9 |
| 2  7  6  1 |
|10 12  3  5 |

SCORE OF NEIGHBOUR 2: 14.0402

NEIGHBOUR 3


|14 13  4 11 |
|15  8  6  9 |
| 2  7  0  1 |
|10 12  3  5 |

SCORE OF NEIGHBOUR 3: 7.38095

NEIGBOUR 0 CHOSEN

--------------------------------------------
CURRENT GAME STATE


|14 13  4 11 |
|15  0  8  9 |
| 2  7  6  1 |
|10 12  3  5 |

CURRENT SCORE: 25.316

NEIGHBOUR 0


|14 13  4 11 |
| 0 15  8  9 |
| 2  7  6  1 |
|10 12  3  5 |

SCORE OF NEIGHBOUR 0: 9.53428

NEIGHBOUR 1


|14 13  4 11 |
|15  8  0  9 |
| 2  7  6  1 |
|10 12  3  5 |

SCORE OF NEIGHBOUR 1: 11.3151

NEIGHBOUR 2


|14  0  4 11 |
|15 13  8  9 |
| 2  7  6  1 |
|10 12  3  5 |

SCORE OF NEIGHBOUR 2: 8.21385

NEIGHBOUR 3


|14 13  4 11 |
|15  7  8  9 |
| 2  0  6  1 |
|10 12  3  5 |

SCORE OF NEIGHBOUR 3: 25.1292

----------------------------------------
FOUND LOCAL MAXIMUM

|14 13  4 11 |
|15  0  8  9 |
| 2  7  6  1 |
|10 12  3  5 |
With Score : 25.316
----------------------------------------
