CURRENT GAME STATE


| 4  5  7  2 |
| 9 14 12 13 |
| 0  3  6 11 |
| 8  1 15 10 |

CURRENT SCORE: 0.0184928

NEIGHBOUR 0


 NO STATE 

SCORE OF NEIGHBOUR 0: -1

NEIGHBOUR 1


| 4  5  7  2 |
| 9 14 12 13 |
| 3  0  6 11 |
| 8  1 15 10 |

SCORE OF NEIGHBOUR 1: 0.0101067

NEIGHBOUR 2


| 4  5  7  2 |
| 0 14 12 13 |
| 9  3  6 11 |
| 8  1 15 10 |

SCORE OF NEIGHBOUR 2: 0.0495741

NEIGHBOUR 3


| 4  5  7  2 |
| 9 14 12 13 |
| 8  3  6 11 |
| 0  1 15 10 |

SCORE OF NEIGHBOUR 3: 0.0214025

NEIGBOUR 2 CHOSEN

--------------------------------------------
CURRENT GAME STATE


| 4  5  7  2 |
| 0 14 12 13 |
| 9  3  6 11 |
| 8  1 15 10 |

CURRENT SCORE: 0.0495741

NEIGHBOUR 0


 NO STATE 

SCORE OF NEIGHBOUR 0: -1

NEIGHBOUR 1


| 4  5  7  2 |
|14  0 12 13 |
| 9  3  6 11 |
| 8  1 15 10 |

SCORE OF NEIGHBOUR 1: 0.176354

NEIGHBOUR 2


| 0  5  7  2 |
| 4 14 12 13 |
| 9  3  6 11 |
| 8  1 15 10 |

SCORE OF NEIGHBOUR 2: 0.0635514

NEIGHBOUR 3


| 4  5  7  2 |
| 9 14 12 13 |
| 0  3  6 11 |
| 8  1 15 10 |

SCORE OF NEIGHBOUR 3: 0.0171063

NEIGBOUR 1 CHOSEN

--------------------------------------------
CURRENT GAME STATE


| 4  5  7  2 |
|14  0 12 13 |
| 9  3  6 11 |
| 8  1 15 10 |

CURRENT SCORE: 0.176354

NEIGHBOUR 0


| 4  5  7  2 |
| 0 14 12 13 |
| 9  3  6 11 |
| 8  1 15 10 |

SCORE OF NEIGHBOUR 0: 0.0486114

NEIGHBOUR 1


| 4  5  7  2 |
|14 12  0 13 |
| 9  3  6 11 |
| 8  1 15 10 |

SCORE OF NEIGHBOUR 1: 0.420619

NEIGHBOUR 2


| 4  0  7  2 |
|14  5 12 13 |
| 9  3  6 11 |
| 8  1 15 10 |

SCORE OF NEIGHBOUR 2: 0.181475

NEIGHBOUR 3


| 4  5  7  2 |
|14  3 12 13 |
| 9  0  6 11 |
| 8  1 15 10 |

SCORE OF NEIGHBOUR 3: 0.0963441

NEIGBOUR 1 CHOSEN

--------------------------------------------
CURRENT GAME STATE


| 4  5  7  2 |
|14 12  0 13 |
| 9  3  6 11 |
| 8  1 15 10 |

CURRENT SCORE: 0.420619

NEIGHBOUR 0


| 4  5  7  2 |
|14  0 12 13 |
| 9  3  6 11 |
| 8  1 15 10 |

SCORE OF NEIGHBOUR 0: 0.162562

NEIGHBOUR 1


| 4  5  7  2 |
|14 12 13  0 |
| 9  3  6 11 |
| 8  1 15 10 |

SCORE OF NEIGHBOUR 1: 0.695749

NEIGHBOUR 2


| 4  5  0  2 |
|14 12  7 13 |
| 9  3  6 11 |
| 8  1 15 10 |

SCORE OF NEIGHBOUR 2: 0.480105

NEIGHBOUR 3


| 4  5  7  2 |
|14 12  6 13 |
| 9  3  0 11 |
| 8  1 15 10 |

SCORE OF NEIGHBOUR 3: 1.14667

NEIGBOUR 3 CHOSEN

--------------------------------------------
CURRENT GAME STATE


| 4  5  7  2 |
|14 12  6 13 |
| 9  3  0 11 |
| 8  1 15 10 |

CURRENT SCORE: 1.14667

NEIGHBOUR 0


| 4  5  7  2 |
|14 12  6 13 |
| 9  0  3 11 |
| 8  1 15 10 |

SCORE OF NEIGHBOUR 0: 0.841572

NEIGHBOUR 1


| 4  5  7  2 |
|14 12  6 13 |
| 9  3 11  0 |
| 8  1 15 10 |

SCORE OF NEIGHBOUR 1: 1.70593

NEIGHBOUR 2


| 4  5  7  2 |
|14 12  0 13 |
| 9  3  6 11 |
| 8  1 15 10 |

SCORE OF NEIGHBOUR 2: 0.41173

NEIGHBOUR 3


| 4  5  7  2 |
|14 12  6 13 |
| 9  3 15 11 |
| 8  1  0 10 |

SCORE OF NEIGHBOUR 3: 1.42689

NEIGBOUR 1 CHOSEN

--------------------------------------------
CURRENT GAME STATE


| 4  5  7  2 |
|14 12  6 13 |
| 9  3 11  0 |
| 8  1 15 10 |

CURRENT SCORE: 1.70593

NEIGHBOUR 0


| 4  5  7  2 |
|14 12  6 13 |
| 9  3  0 11 |
| 8  1 15 10 |

SCORE OF NEIGHBOUR 0: 1.1244

NEIGHBOUR 1


 NO STATE 

SCORE OF NEIGHBOUR 1: -1

NEIGHBOUR 2


| 4  5  7  2 |
|14 12  6  0 |
| 9  3 11 13 |
| 8  1 15 10 |

SCORE OF NEIGHBOUR 2: 1.37134

NEIGHBOUR 3


| 4  5  7  2 |
|14 12  6 13 |
| 9  3 11 10 |
| 8  1 15  0 |

SCORE OF NEIGHBOUR 3: 0.677279

----------------------------------------
FOUND LOCAL MAXIMUM

| 4  5  7  2 |
|14 12  6 13 |
| 9  3 11  0 |
| 8  1 15 10 |
With Score : 1.70593
----------------------------------------
