CURRENT GAME STATE


| 9  8  0  2 |
|15  1  4 14 |
| 3 10  7  5 |
|11 13  6 12 |

CURRENT SCORE: 3.31603

NEIGHBOUR 0


| 9  0  8  2 |
|15  1  4 14 |
| 3 10  7  5 |
|11 13  6 12 |

SCORE OF NEIGHBOUR 0: 6.3734

NEIGHBOUR 1


| 9  8  2  0 |
|15  1  4 14 |
| 3 10  7  5 |
|11 13  6 12 |

SCORE OF NEIGHBOUR 1: 3.4078

NEIGHBOUR 2


 NO STATE 

SCORE OF NEIGHBOUR 2: -1

NEIGHBOUR 3


| 9  8  4  2 |
|15  1  0 14 |
| 3 10  7  5 |
|11 13  6 12 |

SCORE OF NEIGHBOUR 3: 2.20283

NEIGBOUR 0 CHOSEN

--------------------------------------------
CURRENT GAME STATE


| 9  0  8  2 |
|15  1  4 14 |
| 3 10  7  5 |
|11 13  6 12 |

CURRENT SCORE: 6.3734

NEIGHBOUR 0


| 0  9  8  2 |
|15  1  4 14 |
| 3 10  7  5 |
|11 13  6 12 |

SCORE OF NEIGHBOUR 0: 6.61554

NEIGHBOUR 1


| 9  8  0  2 |
|15  1  4 14 |
| 3 10  7  5 |
|11 13  6 12 |

SCORE OF NEIGHBOUR 1: 2.89841

NEIGHBOUR 2


 NO STATE 

SCORE OF NEIGHBOUR 2: -1

NEIGHBOUR 3


| 9  1  8  2 |
|15  0  4 14 |
| 3 10  7  5 |
|11 13  6 12 |

SCORE OF NEIGHBOUR 3: 19.151

NEIGBOUR 3 CHOSEN

--------------------------------------------
CURRENT GAME STATE


| 9  1  8  2 |
|15  0  4 14 |
| 3 10  7  5 |
|11 13  6 12 |

CURRENT SCORE: 19.151

NEIGHBOUR 0


| 9  1  8  2 |
| 0 15  4 14 |
| 3 10  7  5 |
|11 13  6 12 |

SCORE OF NEIGHBOUR 0: 9.63608

NEIGHBOUR 1


| 9  1  8  2 |
|15  4  0 14 |
| 3 10  7  5 |
|11 13  6 12 |

SCORE OF NEIGHBOUR 1: 11.5224

NEIGHBOUR 2


| 9  0  8  2 |
|15  1  4 14 |
| 3 10  7  5 |
|11 13  6 12 |

SCORE OF NEIGHBOUR 2: 6.0185

NEIGHBOUR 3


| 9  1  8  2 |
|15 10  4 14 |
| 3  0  7  5 |
|11 13  6 12 |

SCORE OF NEIGHBOUR 3: 8.09686

----------------------------------------
FOUND LOCAL MAXIMUM

| 9  1  8  2 |
|15  0  4 14 |
| 3 10  7  5 |
|11 13  6 12 |
With Score : 19.151
----------------------------------------
