CURRENT GAME STATE


|14 10  9  4 |
|13  6  5  8 |
| 2 12  7  0 |
| 1  3 11 15 |

CURRENT SCORE: 5.13892

NEIGHBOUR 0


|14 10  9  4 |
|13  6  5  8 |
| 2 12  0  7 |
| 1  3 11 15 |

SCORE OF NEIGHBOUR 0: 3.2801

NEIGHBOUR 1


 NO STATE 

SCORE OF NEIGHBOUR 1: -1

NEIGHBOUR 2


|14 10  9  4 |
|13  6  5  0 |
| 2 12  7  8 |
| 1  3 11 15 |

SCORE OF NEIGHBOUR 2: 12.5191

NEIGHBOUR 3


|14 10  9  4 |
|13  6  5  8 |
| 2 12  7 15 |
| 1  3 11  0 |

SCORE OF NEIGHBOUR 3: 7.92713

NEIGBOUR 2 CHOSEN

--------------------------------------------
CURRENT GAME STATE


|14 10  9  4 |
|13  6  5  0 |
| 2 12  7  8 |
| 1  3 11 15 |

CURRENT SCORE: 12.5191

NEIGHBOUR 0


|14 10  9  4 |
|13  6  0  5 |
| 2 12  7  8 |
| 1  3 11 15 |

SCORE OF NEIGHBOUR 0: 7.66649

NEIGHBOUR 1


 NO STATE 

SCORE OF NEIGHBOUR 1: -1

NEIGHBOUR 2


|14 10  9  0 |
|13  6  5  4 |
| 2 12  7  8 |
| 1  3 11 15 |

SCORE OF NEIGHBOUR 2: 21.2181

NEIGHBOUR 3


|14 10  9  4 |
|13  6  5  8 |
| 2 12  7  0 |
| 1  3 11 15 |

SCORE OF NEIGHBOUR 3: 4.785

NEIGBOUR 2 CHOSEN

--------------------------------------------
CURRENT GAME STATE


|14 10  9  0 |
|13  6  5  4 |
| 2 12  7  8 |
| 1  3 11 15 |

CURRENT SCORE: 21.2181

NEIGHBOUR 0


|14 10  0  9 |
|13  6  5  4 |
| 2 12  7  8 |
| 1  3 11 15 |

SCORE OF NEIGHBOUR 0: 13.0642

NEIGHBOUR 1


 NO STATE 

SCORE OF NEIGHBOUR 1: -1

NEIGHBOUR 2


 NO STATE 

SCORE OF NEIGHBOUR 2: -1

NEIGHBOUR 3


|14 10  9  4 |
|13  6  5  0 |
| 2 12  7  8 |
| 1  3 11 15 |

SCORE OF NEIGHBOUR 3: 12.0341

----------------------------------------
FOUND LOCAL MAXIMUM

|14 10  9  0 |
|13  6  5  4 |
| 2 12  7  8 |
| 1  3 11 15 |
With Score : 21.2181
----------------------------------------
