CURRENT GAME STATE


|10  9  3 11 |
| 0 13  2 14 |
| 5  6  4  7 |
| 8 15  1 12 |

CURRENT SCORE: 0.498201

NEIGHBOUR 0


 NO STATE 

SCORE OF NEIGHBOUR 0: -1

NEIGHBOUR 1


|10  9  3 11 |
|13  0  2 14 |
| 5  6  4  7 |
| 8 15  1 12 |

SCORE OF NEIGHBOUR 1: 0.554204

NEIGHBOUR 2


| 0  9  3 11 |
|10 13  2 14 |
| 5  6  4  7 |
| 8 15  1 12 |

SCORE OF NEIGHBOUR 2: 0.150421

NEIGHBOUR 3


|10  9  3 11 |
| 5 13  2 14 |
| 0  6  4  7 |
| 8 15  1 12 |

SCORE OF NEIGHBOUR 3: 0.307492

NEIGBOUR 1 CHOSEN

--------------------------------------------
CURRENT GAME STATE


|10  9  3 11 |
|13  0  2 14 |
| 5  6  4  7 |
| 8 15  1 12 |

CURRENT SCORE: 0.554204

NEIGHBOUR 0


|10  9  3 11 |
| 0 13  2 14 |
| 5  6  4  7 |
| 8 15  1 12 |

SCORE OF NEIGHBOUR 0: 0.500515

NEIGHBOUR 1


|10  9  3 11 |
|13  2  0 14 |
| 5  6  4  7 |
| 8 15  1 12 |

SCORE OF NEIGHBOUR 1: 0.307809

NEIGHBOUR 2


|10  0  3 11 |
|13  9  2 14 |
| 5  6  4  7 |
| 8 15  1 12 |

SCORE OF NEIGHBOUR 2: 0.60648

NEIGHBOUR 3


|10  9  3 11 |
|13  6  2 14 |
| 5  0  4  7 |
| 8 15  1 12 |

SCORE OF NEIGHBOUR 3: 0.690955

NEIGBOUR 3 CHOSEN

--------------------------------------------
CURRENT GAME STATE


|10  9  3 11 |
|13  6  2 14 |
| 5  0  4  7 |
| 8 15  1 12 |

CURRENT SCORE: 0.690955

NEIGHBOUR 0


|10  9  3 11 |
|13  6  2 14 |
| 0  5  4  7 |
| 8 15  1 12 |

SCORE OF NEIGHBOUR 0: 1.18099

NEIGHBOUR 1


|10  9  3 11 |
|13  6  2 14 |
| 5  4  0  7 |
| 8 15  1 12 |

SCORE OF NEIGHBOUR 1: 0.449114

NEIGHBOUR 2


|10  9  3 11 |
|13  0  2 14 |
| 5  6  4  7 |
| 8 15  1 12 |

SCORE OF NEIGHBOUR 2: 0.529708

NEIGHBOUR 3


|10  9  3 11 |
|13  6  2 14 |
| 5 15  4  7 |
| 8  0  1 12 |

SCORE OF NEIGHBOUR 3: 0.865568

NEIGBOUR 0 CHOSEN

--------------------------------------------
CURRENT GAME STATE


|10  9  3 11 |
|13  6  2 14 |
| 0  5  4  7 |
| 8 15  1 12 |

CURRENT SCORE: 1.18099

NEIGHBOUR 0


 NO STATE 

SCORE OF NEIGHBOUR 0: -1

NEIGHBOUR 1


|10  9  3 11 |
|13  6  2 14 |
| 5  0  4  7 |
| 8 15  1 12 |

SCORE OF NEIGHBOUR 1: 0.68474

NEIGHBOUR 2


|10  9  3 11 |
| 0  6  2 14 |
|13  5  4  7 |
| 8 15  1 12 |

SCORE OF NEIGHBOUR 2: 2.92553

NEIGHBOUR 3


|10  9  3 11 |
|13  6  2 14 |
| 8  5  4  7 |
| 0 15  1 12 |

SCORE OF NEIGHBOUR 3: 1.39299

NEIGBOUR 2 CHOSEN

--------------------------------------------
CURRENT GAME STATE


|10  9  3 11 |
| 0  6  2 14 |
|13  5  4  7 |
| 8 15  1 12 |

CURRENT SCORE: 2.92553

NEIGHBOUR 0


 NO STATE 

SCORE OF NEIGHBOUR 0: -1

NEIGHBOUR 1


|10  9  3 11 |
| 6  0  2 14 |
|13  5  4  7 |
| 8 15  1 12 |

SCORE OF NEIGHBOUR 1: 1.96648

NEIGHBOUR 2


| 0  9  3 11 |
|10  6  2 14 |
|13  5  4  7 |
| 8 15  1 12 |

SCORE OF NEIGHBOUR 2: 1.41036

NEIGHBOUR 3


|10  9  3 11 |
|13  6  2 14 |
| 0  5  4  7 |
| 8 15  1 12 |

SCORE OF NEIGHBOUR 3: 1.18209

----------------------------------------
FOUND LOCAL MAXIMUM

|10  9  3 11 |
| 0  6  2 14 |
|13  5  4  7 |
| 8 15  1 12 |
With Score : 2.92553
----------------------------------------
