CURRENT GAME STATE


|15 10  8  3 |
| 0  6  9  5 |
| 1 14 13 11 |
| 7  2 12  4 |

CURRENT SCORE: 2.27954

NEIGHBOUR 0


 NO STATE 

SCORE OF NEIGHBOUR 0: -1

NEIGHBOUR 1


|15 10  8  3 |
| 6  0  9  5 |
| 1 14 13 11 |
| 7  2 12  4 |

SCORE OF NEIGHBOUR 1: 4.35265

NEIGHBOUR 2


| 0 10  8  3 |
|15  6  9  5 |
| 1 14 13 11 |
| 7  2 12  4 |

SCORE OF NEIGHBOUR 2: 0.636393

NEIGHBOUR 3


|15 10  8  3 |
| 1  6  9  5 |
| 0 14 13 11 |
| 7  2 12  4 |

SCORE OF NEIGHBOUR 3: 6.92804

NEIGBOUR 3 CHOSEN

--------------------------------------------
CURRENT GAME STATE


|15 10  8  3 |
| 1  6  9  5 |
| 0 14 13 11 |
| 7  2 12  4 |

CURRENT SCORE: 6.92804

NEIGHBOUR 0


 NO STATE 

SCORE OF NEIGHBOUR 0: -1

NEIGHBOUR 1


|15 10  8  3 |
| 1  6  9  5 |
|14  0 13 11 |
| 7  2 12  4 |

SCORE OF NEIGHBOUR 1: 4.79055

NEIGHBOUR 2


|15 10  8  3 |
| 0  6  9  5 |
| 1 14 13 11 |
| 7  2 12  4 |

SCORE OF NEIGHBOUR 2: 2.14272

NEIGHBOUR 3


|15 10  8  3 |
| 1  6  9  5 |
| 7 14 13 11 |
| 0  2 12  4 |

SCORE OF NEIGHBOUR 3: 3.29936

----------------------------------------
FOUND LOCAL MAXIMUM

|15 10  8  3 |
| 1  6  9  5 |
| 0 14 13 11 |
| 7  2 12  4 |
With Score : 6.92804
----------------------------------------
