CURRENT GAME STATE


|15  1  3 12 |
| 4  0  6  5 |
| 2  8 14  9 |
|13 10  7 11 |

CURRENT SCORE: 4.29715

NEIGHBOUR 0


|15  1  3 12 |
| 0  4  6  5 |
| 2  8 14  9 |
|13 10  7 11 |

SCORE OF NEIGHBOUR 0: 1.87973

NEIGHBOUR 1


|15  1  3 12 |
| 4  6  0  5 |
| 2  8 14  9 |
|13 10  7 11 |

SCORE OF NEIGHBOUR 1: 2.11126

NEIGHBOUR 2


|15  0  3 12 |
| 4  1  6  5 |
| 2  8 14  9 |
|13 10  7 11 |

SCORE OF NEIGHBOUR 2: 1.47277

NEIGHBOUR 3


|15  1  3 12 |
| 4  8  6  5 |
| 2  0 14  9 |
|13 10  7 11 |

SCORE OF NEIGHBOUR 3: 1.85212

----------------------------------------
FOUND LOCAL MAXIMUM

|15  1  3 12 |
| 4  0  6  5 |
| 2  8 14  9 |
|13 10  7 11 |
With Score : 4.29715
----------------------------------------
