CURRENT GAME STATE


| 6 10  1 14 |
|15  8  3  5 |
|13  0  2  7 |
| 4  9 11 12 |

CURRENT SCORE: 0.0698624

NEIGHBOUR 0


| 6 10  1 14 |
|15  8  3  5 |
| 0 13  2  7 |
| 4  9 11 12 |

SCORE OF NEIGHBOUR 0: 0.18007

NEIGHBOUR 1


| 6 10  1 14 |
|15  8  3  5 |
|13  2  0  7 |
| 4  9 11 12 |

SCORE OF NEIGHBOUR 1: 0.0898314

NEIGHBOUR 2


| 6 10  1 14 |
|15  0  3  5 |
|13  8  2  7 |
| 4  9 11 12 |

SCORE OF NEIGHBOUR 2: 0.0325937

NEIGHBOUR 3


| 6 10  1 14 |
|15  8  3  5 |
|13  9  2  7 |
| 4  0 11 12 |

SCORE OF NEIGHBOUR 3: 0.0844577

NEIGBOUR 0 CHOSEN

--------------------------------------------
CURRENT GAME STATE


| 6 10  1 14 |
|15  8  3  5 |
| 0 13  2  7 |
| 4  9 11 12 |

CURRENT SCORE: 0.18007

NEIGHBOUR 0


 NO STATE 

SCORE OF NEIGHBOUR 0: -1

NEIGHBOUR 1


| 6 10  1 14 |
|15  8  3  5 |
|13  0  2  7 |
| 4  9 11 12 |

SCORE OF NEIGHBOUR 1: 0.0644679

NEIGHBOUR 2


| 6 10  1 14 |
| 0  8  3  5 |
|15 13  2  7 |
| 4  9 11 12 |

SCORE OF NEIGHBOUR 2: 0.0999424

NEIGHBOUR 3


| 6 10  1 14 |
|15  8  3  5 |
| 4 13  2  7 |
| 0  9 11 12 |

SCORE OF NEIGHBOUR 3: 0.0763664

----------------------------------------
FOUND LOCAL MAXIMUM

| 6 10  1 14 |
|15  8  3  5 |
| 0 13  2  7 |
| 4  9 11 12 |
With Score : 0.18007
----------------------------------------
